#
# There is insufficient memory for the Java Runtime Environment to continue.
# Native memory allocation (mmap) failed to map 62914560 bytes for Failed to commit area from 0x0000000092c00000 to 0x0000000096800000 of length 62914560.
# Possible reasons:
#   The system is out of physical RAM or swap space
#   The process is running with CompressedOops enabled, and the Java Heap may be blocking the growth of the native heap
# Possible solutions:
#   Reduce memory load on the system
#   Increase physical memory or swap space
#   Check if swap backing store is full
#   Decrease Java heap size (-Xmx/-Xms)
#   Decrease number of Java threads
#   Decrease Java thread stack sizes (-Xss)
#   Set larger code cache with -XX:ReservedCodeCacheSize=
#   JVM is running with Unscaled Compressed Oops mode in which the Java heap is
#     placed in the first 4GB address space. The Java Heap base address is the
#     maximum limit for the native heap growth. Please use -XX:HeapBaseMinAddress
#     to set the Java Heap base and to place the Java Heap above 4GB virtual address.
# This output file may be truncated or incomplete.
#
#  Out of Memory Error (./src/hotspot/os/windows/os_windows.cpp:3301), pid=9188, tid=8488
#
# JRE version: OpenJDK Runtime Environment (11.0.11+9) (build 11.0.11+9-b60-7590822)
# Java VM: OpenJDK 64-Bit Server VM (11.0.11+9-b60-7590822, mixed mode, tiered, compressed oops, g1 gc, windows-amd64)
# No core dump will be written. Minidumps are not enabled by default on client versions of Windows
#

---------------  S U M M A R Y ------------

Command Line: --add-opens=java.base/java.util=ALL-UNNAMED --add-opens=java.base/java.lang=ALL-UNNAMED --add-opens=java.base/java.lang.invoke=ALL-UNNAMED --add-opens=java.prefs/java.util.prefs=ALL-UNNAMED -Xmx2048m -Dfile.encoding=windows-1252 -Duser.country=IN -Duser.language=en -Duser.variant org.gradle.launcher.daemon.bootstrap.GradleDaemon 6.1.1

Host: Intel(R) Core(TM) i3-7100U CPU @ 2.40GHz, 4 cores, 3G,  Windows 10 , 64 bit Build 19041 (10.0.19041.1503)
Time: Sat Mar  5 10:03:25 2022 India Standard Time elapsed time: 135.388840 seconds (0d 0h 2m 15s)

---------------  T H R E A D  ---------------

Current thread (0x0000025b48232800):  VMThread "VM Thread" [stack: 0x000000ecfa500000,0x000000ecfa600000] [id=8488]

Stack: [0x000000ecfa500000,0x000000ecfa600000]
[error occurred during error reporting (printing stack bounds), id 0xc0000005, EXCEPTION_ACCESS_VIOLATION (0xc0000005) at pc=0x0000025b31a00f2d]

Native frames: (J=compiled Java code, j=interpreted, Vv=VM code, C=native code)
V  [jvm.dll+0x5f214a]
V  [jvm.dll+0x726fb5]
V  [jvm.dll+0x7285cd]
V  [jvm.dll+0x728be5]
V  [jvm.dll+0x728b9b]
V  [jvm.dll+0x5f14e8]
V  [jvm.dll+0x5f1c78]
C  [ntdll.dll+0xa20cf]
C  [ntdll.dll+0x51454]
C  [ntdll.dll+0xa0bfe]
C  0x0000025b31a00f2d

VM_Operation (0x000000ecfdafcfc0): G1CollectForAllocation, mode: safepoint, requested by thread 0x0000025b48e4e000


---------------  P R O C E S S  ---------------

Threads class SMR info:
_java_thread_list=0x0000025b4f65dcb0, length=53, elements={
0x0000025b2deda000, 0x0000025b48237800, 0x0000025b48238800, 0x0000025b48299000,
0x0000025b4829a000, 0x0000025b4829d800, 0x0000025b482a2800, 0x0000025b482a4000,
0x0000025b482bb000, 0x0000025b48d13800, 0x0000025b4a074800, 0x0000025b4a008800,
0x0000025b4a67b800, 0x0000025b4a989000, 0x0000025b4b1cb000, 0x0000025b48e49000,
0x0000025b48e49800, 0x0000025b48e4b800, 0x0000025b4cd2c800, 0x0000025b4cd37000,
0x0000025b4cd34800, 0x0000025b4962d000, 0x0000025b4962e800, 0x0000025b49630800,
0x0000025b49632000, 0x0000025b4962f800, 0x0000025b4962e000, 0x0000025b49634800,
0x0000025b49632800, 0x0000025b49635000, 0x0000025b49636000, 0x0000025b49637000,
0x0000025b49631000, 0x0000025b4963a000, 0x0000025b4963b000, 0x0000025b49637800,
0x0000025b4963b800, 0x0000025b49638800, 0x0000025b49639800, 0x0000025b4cd2a800,
0x0000025b4cd2a000, 0x0000025b4cd2b800, 0x0000025b4cd30800, 0x0000025b4cd33000,
0x0000025b4cd31000, 0x0000025b4cd2f000, 0x0000025b4cd38000, 0x0000025b48e4c000,
0x0000025b48e4d000, 0x0000025b48e47800, 0x0000025b48e4e000, 0x0000025b48e48000,
0x0000025b4fe2c000
}

Java Threads: ( => current thread )
  0x0000025b2deda000 JavaThread "main" [_thread_blocked, id=19436, stack(0x000000ecf9f00000,0x000000ecfa000000)]
  0x0000025b48237800 JavaThread "Reference Handler" daemon [_thread_blocked, id=9948, stack(0x000000ecfa600000,0x000000ecfa700000)]
  0x0000025b48238800 JavaThread "Finalizer" daemon [_thread_blocked, id=17364, stack(0x000000ecfa700000,0x000000ecfa800000)]
  0x0000025b48299000 JavaThread "Signal Dispatcher" daemon [_thread_blocked, id=7688, stack(0x000000ecfa800000,0x000000ecfa900000)]
  0x0000025b4829a000 JavaThread "Attach Listener" daemon [_thread_blocked, id=16816, stack(0x000000ecfa900000,0x000000ecfaa00000)]
  0x0000025b4829d800 JavaThread "Service Thread" daemon [_thread_blocked, id=7632, stack(0x000000ecfaa00000,0x000000ecfab00000)]
  0x0000025b482a2800 JavaThread "C2 CompilerThread0" daemon [_thread_in_native, id=20432, stack(0x000000ecfab00000,0x000000ecfac00000)]
  0x0000025b482a4000 JavaThread "C1 CompilerThread0" daemon [_thread_blocked, id=2592, stack(0x000000ecfac00000,0x000000ecfad00000)]
  0x0000025b482bb000 JavaThread "Sweeper thread" daemon [_thread_blocked, id=19128, stack(0x000000ecfad00000,0x000000ecfae00000)]
  0x0000025b48d13800 JavaThread "Common-Cleaner" daemon [_thread_blocked, id=13948, stack(0x000000ecfae00000,0x000000ecfaf00000)]
  0x0000025b4a074800 JavaThread "Daemon health stats" [_thread_blocked, id=11608, stack(0x000000ecfb100000,0x000000ecfb200000)]
  0x0000025b4a008800 JavaThread "Incoming local TCP Connector on port 54460" [_thread_in_native, id=8068, stack(0x000000ecfb200000,0x000000ecfb300000)]
  0x0000025b4a67b800 JavaThread "Daemon periodic checks" [_thread_blocked, id=9756, stack(0x000000ecfb300000,0x000000ecfb400000)]
  0x0000025b4a989000 JavaThread "Daemon" [_thread_blocked, id=19056, stack(0x000000ecfb600000,0x000000ecfb700000)]
  0x0000025b4b1cb000 JavaThread "Daemon worker" [_thread_blocked, id=16528, stack(0x000000ecfb900000,0x000000ecfba00000)]
  0x0000025b48e49000 JavaThread "Cache worker for journal cache (C:\Users\ashis\.gradle\caches\journal-1)" [_thread_blocked, id=14116, stack(0x000000ecfbd00000,0x000000ecfbe00000)]
  0x0000025b48e49800 JavaThread "File lock request listener" [_thread_in_native, id=8612, stack(0x000000ecfbe00000,0x000000ecfbf00000)]
  0x0000025b48e4b800 JavaThread "Cache worker for file hash cache (C:\Users\ashis\.gradle\caches\6.1.1\fileHashes)" [_thread_blocked, id=10792, stack(0x000000ecfbf00000,0x000000ecfc000000)]
  0x0000025b4cd2c800 JavaThread "Cache worker for execution history cache (C:\Users\ashis\.gradle\caches\6.1.1\executionHistory)" [_thread_blocked, id=20416, stack(0x000000ecfc400000,0x000000ecfc500000)]
  0x0000025b4cd37000 JavaThread "Memory manager" [_thread_blocked, id=4080, stack(0x000000ecfca00000,0x000000ecfcb00000)]
  0x0000025b4cd34800 JavaThread "Cache worker for file content cache (C:\Users\ashis\.gradle\caches\6.1.1\fileContent)" [_thread_blocked, id=16408, stack(0x000000ecfcb00000,0x000000ecfcc00000)]
  0x0000025b4962d000 JavaThread "RMI Scheduler(0)" daemon [_thread_blocked, id=19064, stack(0x000000ecfd100000,0x000000ecfd200000)]
  0x0000025b4962e800 JavaThread "RMI GC Daemon" daemon [_thread_blocked, id=9116, stack(0x000000ecfd300000,0x000000ecfd400000)]
  0x0000025b49630800 JavaThread "RMI TCP Accept-0" daemon [_thread_in_native, id=9568, stack(0x000000ecfd400000,0x000000ecfd500000)]
  0x0000025b49632000 JavaThread "RMI Reaper" [_thread_blocked, id=6044, stack(0x000000ecfd500000,0x000000ecfd600000)]
  0x0000025b4962f800 JavaThread "RMI TCP Connection(idle)" daemon [_thread_blocked, id=14372, stack(0x000000ecfd600000,0x000000ecfd700000)]
  0x0000025b4962e000 JavaThread "Cache worker for Java compile cache (C:\Users\ashis\.gradle\caches\6.1.1\javaCompile)" [_thread_blocked, id=8896, stack(0x000000ecfd200000,0x000000ecfd300000)]
  0x0000025b49634800 JavaThread "Handler for socket connection from /127.0.0.1:54460 to /127.0.0.1:54475" [_thread_in_native, id=2172, stack(0x000000ecf9c00000,0x000000ecf9d00000)]
  0x0000025b49632800 JavaThread "Cancel handler" [_thread_blocked, id=17524, stack(0x000000ecf9d00000,0x000000ecf9e00000)]
  0x0000025b49635000 JavaThread "Asynchronous log dispatcher for DefaultDaemonConnection: socket connection from /127.0.0.1:54460 to /127.0.0.1:54475" [_thread_blocked, id=20904, stack(0x000000ecfb700000,0x000000ecfb800000)]
  0x0000025b49636000 JavaThread "Stdin handler" [_thread_blocked, id=5096, stack(0x000000ecfb800000,0x000000ecfb900000)]
  0x0000025b49637000 JavaThread "Thread-35" [_thread_blocked, id=14460, stack(0x000000ecfba00000,0x000000ecfbb00000)]
  0x0000025b49631000 JavaThread "Cache worker for checksums cache (C:\Users\ashis\AndroidStudio\throtel_android_app\.gradle\checksums)" [_thread_blocked, id=11028, stack(0x000000ecfbb00000,0x000000ecfbc00000)]
  0x0000025b4963a000 JavaThread "Cache worker for file hash cache (C:\Users\ashis\AndroidStudio\throtel_android_app\.gradle\6.1.1\fileHashes)" [_thread_blocked, id=16432, stack(0x000000ecfbc00000,0x000000ecfbd00000)]
  0x0000025b4963b000 JavaThread "Cache worker for cache directory md-supplier (C:\Users\ashis\.gradle\caches\6.1.1\md-supplier)" [_thread_blocked, id=8108, stack(0x000000ecfc000000,0x000000ecfc100000)]
  0x0000025b49637800 JavaThread "Cache worker for cache directory md-rule (C:\Users\ashis\.gradle\caches\6.1.1\md-rule)" [_thread_blocked, id=1680, stack(0x000000ecfc100000,0x000000ecfc200000)]
  0x0000025b4963b800 JavaThread "Build operations" [_thread_blocked, id=18128, stack(0x000000ecfc200000,0x000000ecfc300000)]
  0x0000025b49638800 JavaThread "Build operations Thread 2" [_thread_blocked, id=2264, stack(0x000000ecfc300000,0x000000ecfc400000)]
  0x0000025b49639800 JavaThread "Build operations Thread 3" [_thread_blocked, id=11564, stack(0x000000ecfc500000,0x000000ecfc600000)]
  0x0000025b4cd2a800 JavaThread "Build operations Thread 4" [_thread_blocked, id=21324, stack(0x000000ecfc600000,0x000000ecfc700000)]
  0x0000025b4cd2a000 JavaThread "Cache worker for Build Output Cleanup Cache (C:\Users\ashis\AndroidStudio\throtel_android_app\.gradle\buildOutputCleanup)" [_thread_blocked, id=14276, stack(0x000000ecfc700000,0x000000ecfc800000)]
  0x0000025b4cd2b800 JavaThread "Cache worker for file content cache (C:\Users\ashis\AndroidStudio\throtel_android_app\.gradle\6.1.1\fileContent)" [_thread_blocked, id=20300, stack(0x000000ecfc800000,0x000000ecfc900000)]
  0x0000025b4cd30800 JavaThread "Execution worker for ':'" [_thread_blocked, id=7124, stack(0x000000ecfc900000,0x000000ecfca00000)]
  0x0000025b4cd33000 JavaThread "Execution worker for ':' Thread 2" [_thread_blocked, id=10360, stack(0x000000ecfcc00000,0x000000ecfcd00000)]
  0x0000025b4cd31000 JavaThread "Execution worker for ':' Thread 3" [_thread_blocked, id=8472, stack(0x000000ecfcd00000,0x000000ecfce00000)]
  0x0000025b4cd2f000 JavaThread "Cache worker for execution history cache (C:\Users\ashis\AndroidStudio\throtel_android_app\.gradle\6.1.1\executionHistory)" [_thread_blocked, id=11500, stack(0x000000ecfce00000,0x000000ecfcf00000)]
  0x0000025b4cd38000 JavaThread "Cache worker for Java compile cache (C:\Users\ashis\AndroidStudio\throtel_android_app\.gradle\6.1.1\javaCompile)" [_thread_blocked, id=10848, stack(0x000000ecfd000000,0x000000ecfd100000)]
  0x0000025b48e4c000 JavaThread "ForkJoinPool.commonPool-worker-3" daemon [_thread_blocked, id=1328, stack(0x000000ecfcf00000,0x000000ecfd000000)]
  0x0000025b48e4d000 JavaThread "ForkJoinPool.commonPool-worker-5" daemon [_thread_blocked, id=12904, stack(0x000000ecfd800000,0x000000ecfd900000)]
  0x0000025b48e47800 JavaThread "ForkJoinPool.commonPool-worker-7" daemon [_thread_blocked, id=468, stack(0x000000ecfd900000,0x000000ecfda00000)]
  0x0000025b48e4e000 JavaThread "WorkerExecutor Queue" [_thread_blocked, id=7252, stack(0x000000ecfda00000,0x000000ecfdb00000)]
  0x0000025b48e48000 JavaThread "WorkerExecutor Queue Thread 2" [_thread_blocked, id=20816, stack(0x000000ecfdb00000,0x000000ecfdc00000)]
  0x0000025b4fe2c000 JavaThread "WorkerExecutor Queue Thread 3" [_thread_blocked, id=13804, stack(0x000000ecfdc00000,0x000000ecfdd00000)]

Other Threads:
=>0x0000025b48232800 VMThread "VM Thread" [stack: 0x000000ecfa500000,0x000000ecfa600000] [id=8488]
  0x0000025b48d29000 WatcherThread [stack: 0x000000ecfaf00000,0x000000ecfb000000] [id=17808]
  0x0000025b2def2000 GCTaskThread "GC Thread#0" [stack: 0x000000ecfa000000,0x000000ecfa100000] [id=11596]
  0x0000025b4956b000 GCTaskThread "GC Thread#1" [stack: 0x000000ecfb000000,0x000000ecfb100000] [id=4152]
  0x0000025b49b1b800 GCTaskThread "GC Thread#2" [stack: 0x000000ecfb400000,0x000000ecfb500000] [id=5276]
  0x0000025b4a774800 GCTaskThread "GC Thread#3" [stack: 0x000000ecfb500000,0x000000ecfb600000] [id=17112]
  0x0000025b2df23800 ConcurrentGCThread "G1 Main Marker" [stack: 0x000000ecfa100000,0x000000ecfa200000] [id=11612]
  0x0000025b2df26800 ConcurrentGCThread "G1 Conc#0" [stack: 0x000000ecfa200000,0x000000ecfa300000] [id=14296]
  0x0000025b2df7d800 ConcurrentGCThread "G1 Refine#0" [stack: 0x000000ecfa300000,0x000000ecfa400000] [id=21220]
  0x0000025b2df7e800 ConcurrentGCThread "G1 Young RemSet Sampling" [stack: 0x000000ecfa400000,0x000000ecfa500000] [id=9648]

Threads with active compile tasks:
C2 CompilerThread0 135437 17778 %     4       com.android.tools.r8.dex.n::m @ 65 (2047 bytes)

VM state:at safepoint (normal execution)

VM Mutex/Monitor currently owned by a thread:  ([mutex/lock_event])
[0x0000025b2ded50d0] Threads_lock - owner thread: 0x0000025b48232800
[0x0000025b2ded67e0] Heap_lock - owner thread: 0x0000025b48e4e000

Heap address: 0x0000000080000000, size: 2048 MB, Compressed Oops mode: 32-bit
Narrow klass base: 0x0000000000000000, Narrow klass shift: 3
Compressed class space size: 1073741824 Address: 0x0000000100000000

Heap:
 garbage-first heap   total 368640K, used 190252K [0x0000000080000000, 0x0000000100000000)
  region size 1024K, 2 young (2048K), 2 survivors (2048K)
 Metaspace       used 107306K, capacity 110024K, committed 110128K, reserved 1144832K
  class space    used 13390K, capacity 14395K, committed 14464K, reserved 1048576K
Heap Regions: E=young(eden), S=young(survivor), O=old, HS=humongous(starts), HC=humongous(continues), CS=collection set, F=free, A=archive, TAMS=top-at-mark-start (previous, next)
|   0|0x0000000080000000, 0x0000000080100000, 0x0000000080100000|100%| O|  |TAMS 0x0000000080100000, 0x0000000080000000| Untracked 
|   1|0x0000000080100000, 0x0000000080200000, 0x0000000080200000|100%| O|  |TAMS 0x0000000080200000, 0x0000000080100000| Complete 
|   2|0x0000000080200000, 0x0000000080300000, 0x0000000080300000|100%| O|  |TAMS 0x0000000080300000, 0x0000000080200000| Untracked 
|   3|0x0000000080300000, 0x0000000080400000, 0x0000000080400000|100%|HS|  |TAMS 0x0000000080400000, 0x0000000080300000| Complete 
|   4|0x0000000080400000, 0x0000000080500000, 0x0000000080500000|100%|HC|  |TAMS 0x0000000080500000, 0x0000000080400000| Complete 
|   5|0x0000000080500000, 0x0000000080600000, 0x0000000080600000|100%|HC|  |TAMS 0x0000000080600000, 0x0000000080500000| Complete 
|   6|0x0000000080600000, 0x0000000080700000, 0x0000000080700000|100%| O|  |TAMS 0x0000000080700000, 0x0000000080600000| Untracked 
|   7|0x0000000080700000, 0x0000000080800000, 0x0000000080800000|100%| O|  |TAMS 0x0000000080800000, 0x0000000080700000| Untracked 
|   8|0x0000000080800000, 0x0000000080900000, 0x0000000080900000|100%| O|  |TAMS 0x0000000080900000, 0x0000000080800000| Untracked 
|   9|0x0000000080900000, 0x0000000080a00000, 0x0000000080a00000|100%| O|  |TAMS 0x0000000080a00000, 0x0000000080900000| Untracked 
|  10|0x0000000080a00000, 0x0000000080b00000, 0x0000000080b00000|100%| O|  |TAMS 0x0000000080b00000, 0x0000000080a00000| Untracked 
|  11|0x0000000080b00000, 0x0000000080c00000, 0x0000000080c00000|100%| O|  |TAMS 0x0000000080c00000, 0x0000000080b00000| Untracked 
|  12|0x0000000080c00000, 0x0000000080d00000, 0x0000000080d00000|100%| O|  |TAMS 0x0000000080d00000, 0x0000000080c00000| Untracked 
|  13|0x0000000080d00000, 0x0000000080e00000, 0x0000000080e00000|100%| O|  |TAMS 0x0000000080e00000, 0x0000000080d00000| Untracked 
|  14|0x0000000080e00000, 0x0000000080f00000, 0x0000000080f00000|100%| O|  |TAMS 0x0000000080f00000, 0x0000000080e00000| Untracked 
|  15|0x0000000080f00000, 0x0000000081000000, 0x0000000081000000|100%|HS|  |TAMS 0x0000000081000000, 0x0000000080f00000| Complete 
|  16|0x0000000081000000, 0x0000000081100000, 0x0000000081100000|100%|HC|  |TAMS 0x0000000081100000, 0x0000000081000000| Complete 
|  17|0x0000000081100000, 0x0000000081200000, 0x0000000081200000|100%|HS|  |TAMS 0x0000000081200000, 0x0000000081100000| Complete 
|  18|0x0000000081200000, 0x0000000081300000, 0x0000000081300000|100%|HC|  |TAMS 0x0000000081300000, 0x0000000081200000| Complete 
|  19|0x0000000081300000, 0x0000000081400000, 0x0000000081400000|100%|HC|  |TAMS 0x0000000081400000, 0x0000000081300000| Complete 
|  20|0x0000000081400000, 0x0000000081500000, 0x0000000081500000|100%|HS|  |TAMS 0x0000000081500000, 0x0000000081400000| Complete 
|  21|0x0000000081500000, 0x0000000081600000, 0x0000000081600000|100%|HC|  |TAMS 0x0000000081600000, 0x0000000081500000| Complete 
|  22|0x0000000081600000, 0x0000000081700000, 0x0000000081700000|100%|HC|  |TAMS 0x0000000081700000, 0x0000000081600000| Complete 
|  23|0x0000000081700000, 0x0000000081800000, 0x0000000081800000|100%|HC|  |TAMS 0x0000000081800000, 0x0000000081700000| Complete 
|  24|0x0000000081800000, 0x0000000081900000, 0x0000000081900000|100%| O|  |TAMS 0x0000000081900000, 0x0000000081800000| Complete 
|  25|0x0000000081900000, 0x0000000081a00000, 0x0000000081a00000|100%| O|  |TAMS 0x0000000081a00000, 0x0000000081900000| Untracked 
|  26|0x0000000081a00000, 0x0000000081b00000, 0x0000000081b00000|100%| O|  |TAMS 0x0000000081b00000, 0x0000000081a00000| Untracked 
|  27|0x0000000081b00000, 0x0000000081c00000, 0x0000000081c00000|100%| O|  |TAMS 0x0000000081c00000, 0x0000000081b00000| Complete 
|  28|0x0000000081c00000, 0x0000000081d00000, 0x0000000081d00000|100%| O|  |TAMS 0x0000000081d00000, 0x0000000081c00000| Complete 
|  29|0x0000000081d00000, 0x0000000081e00000, 0x0000000081e00000|100%| O|  |TAMS 0x0000000081e00000, 0x0000000081d00000| Untracked 
|  30|0x0000000081e00000, 0x0000000081f00000, 0x0000000081f00000|100%| O|  |TAMS 0x0000000081f00000, 0x0000000081e00000| Untracked 
|  31|0x0000000081f00000, 0x0000000082000000, 0x0000000082000000|100%| O|  |TAMS 0x0000000082000000, 0x0000000081f00000| Untracked 
|  32|0x0000000082000000, 0x0000000082100000, 0x0000000082100000|100%| O|  |TAMS 0x0000000082100000, 0x0000000082000000| Untracked 
|  33|0x0000000082100000, 0x0000000082200000, 0x0000000082200000|100%| O|  |TAMS 0x0000000082200000, 0x0000000082100000| Untracked 
|  34|0x0000000082200000, 0x0000000082300000, 0x0000000082300000|100%| O|  |TAMS 0x0000000082300000, 0x0000000082200000| Complete 
|  35|0x0000000082300000, 0x0000000082400000, 0x0000000082400000|100%|HS|  |TAMS 0x0000000082400000, 0x0000000082300000| Complete 
|  36|0x0000000082400000, 0x0000000082500000, 0x0000000082500000|100%|HC|  |TAMS 0x0000000082500000, 0x0000000082400000| Complete 
|  37|0x0000000082500000, 0x0000000082600000, 0x0000000082600000|100%|HC|  |TAMS 0x0000000082600000, 0x0000000082500000| Complete 
|  38|0x0000000082600000, 0x0000000082700000, 0x0000000082700000|100%| O|  |TAMS 0x0000000082700000, 0x0000000082600000| Untracked 
|  39|0x0000000082700000, 0x0000000082800000, 0x0000000082800000|100%| O|  |TAMS 0x0000000082800000, 0x0000000082700000| Untracked 
|  40|0x0000000082800000, 0x0000000082800000, 0x0000000082900000|  0%| F|  |TAMS 0x0000000082800000, 0x0000000082800000| Untracked 
|  41|0x0000000082900000, 0x0000000082a00000, 0x0000000082a00000|100%| O|  |TAMS 0x0000000082a00000, 0x0000000082900000| Complete 
|  42|0x0000000082a00000, 0x0000000082b00000, 0x0000000082b00000|100%|HS|  |TAMS 0x0000000082b00000, 0x0000000082a00000| Complete 
|  43|0x0000000082b00000, 0x0000000082c00000, 0x0000000082c00000|100%|HC|  |TAMS 0x0000000082c00000, 0x0000000082b00000| Complete 
|  44|0x0000000082c00000, 0x0000000082d00000, 0x0000000082d00000|100%|HC|  |TAMS 0x0000000082d00000, 0x0000000082c00000| Complete 
|  45|0x0000000082d00000, 0x0000000082e00000, 0x0000000082e00000|100%|HS|  |TAMS 0x0000000082e00000, 0x0000000082d00000| Complete 
|  46|0x0000000082e00000, 0x0000000082f00000, 0x0000000082f00000|100%|HC|  |TAMS 0x0000000082f00000, 0x0000000082e00000| Complete 
|  47|0x0000000082f00000, 0x0000000083000000, 0x0000000083000000|100%| O|  |TAMS 0x0000000083000000, 0x0000000082f00000| Untracked 
|  48|0x0000000083000000, 0x0000000083100000, 0x0000000083100000|100%| O|  |TAMS 0x0000000083100000, 0x0000000083000000| Untracked 
|  49|0x0000000083100000, 0x0000000083200000, 0x0000000083200000|100%| O|  |TAMS 0x0000000083200000, 0x0000000083100000| Complete 
|  50|0x0000000083200000, 0x0000000083300000, 0x0000000083300000|100%| O|  |TAMS 0x0000000083300000, 0x0000000083200000| Untracked 
|  51|0x0000000083300000, 0x0000000083400000, 0x0000000083400000|100%| O|  |TAMS 0x0000000083400000, 0x0000000083300000| Untracked 
|  52|0x0000000083400000, 0x0000000083400000, 0x0000000083500000|  0%| F|  |TAMS 0x0000000083400000, 0x0000000083400000| Untracked 
|  53|0x0000000083500000, 0x0000000083600000, 0x0000000083600000|100%| O|  |TAMS 0x0000000083600000, 0x0000000083500000| Untracked 
|  54|0x0000000083600000, 0x0000000083700000, 0x0000000083700000|100%| O|  |TAMS 0x0000000083700000, 0x0000000083600000| Untracked 
|  55|0x0000000083700000, 0x0000000083800000, 0x0000000083800000|100%| O|  |TAMS 0x0000000083800000, 0x0000000083700000| Untracked 
|  56|0x0000000083800000, 0x0000000083900000, 0x0000000083900000|100%| O|  |TAMS 0x0000000083900000, 0x0000000083800000| Untracked 
|  57|0x0000000083900000, 0x0000000083a00000, 0x0000000083a00000|100%| O|  |TAMS 0x0000000083a00000, 0x0000000083900000| Complete 
|  58|0x0000000083a00000, 0x0000000083b00000, 0x0000000083b00000|100%| O|  |TAMS 0x0000000083b00000, 0x0000000083a00000| Untracked 
|  59|0x0000000083b00000, 0x0000000083c00000, 0x0000000083c00000|100%| O|  |TAMS 0x0000000083c00000, 0x0000000083b00000| Complete 
|  60|0x0000000083c00000, 0x0000000083d00000, 0x0000000083d00000|100%| O|  |TAMS 0x0000000083d00000, 0x0000000083c00000| Complete 
|  61|0x0000000083d00000, 0x0000000083e00000, 0x0000000083e00000|100%| O|  |TAMS 0x0000000083e00000, 0x0000000083d00000| Complete 
|  62|0x0000000083e00000, 0x0000000083f00000, 0x0000000083f00000|100%| O|  |TAMS 0x0000000083f00000, 0x0000000083e00000| Complete 
|  63|0x0000000083f00000, 0x0000000084000000, 0x0000000084000000|100%| O|  |TAMS 0x0000000084000000, 0x0000000083f00000| Complete 
|  64|0x0000000084000000, 0x0000000084100000, 0x0000000084100000|100%| O|  |TAMS 0x0000000084100000, 0x0000000084000000| Complete 
|  65|0x0000000084100000, 0x0000000084200000, 0x0000000084200000|100%| O|  |TAMS 0x0000000084200000, 0x0000000084100000| Untracked 
|  66|0x0000000084200000, 0x0000000084300000, 0x0000000084300000|100%| O|  |TAMS 0x0000000084300000, 0x0000000084200000| Untracked 
|  67|0x0000000084300000, 0x0000000084400000, 0x0000000084400000|100%| O|  |TAMS 0x0000000084400000, 0x0000000084300000| Complete 
|  68|0x0000000084400000, 0x0000000084500000, 0x0000000084500000|100%| O|  |TAMS 0x0000000084500000, 0x0000000084400000| Complete 
|  69|0x0000000084500000, 0x0000000084600000, 0x0000000084600000|100%| O|  |TAMS 0x0000000084600000, 0x0000000084500000| Untracked 
|  70|0x0000000084600000, 0x0000000084700000, 0x0000000084700000|100%| O|  |TAMS 0x0000000084700000, 0x0000000084600000| Untracked 
|  71|0x0000000084700000, 0x0000000084800000, 0x0000000084800000|100%| O|  |TAMS 0x0000000084800000, 0x0000000084700000| Complete 
|  72|0x0000000084800000, 0x0000000084800000, 0x0000000084900000|  0%| F|  |TAMS 0x0000000084800000, 0x0000000084800000| Untracked 
|  73|0x0000000084900000, 0x0000000084a00000, 0x0000000084a00000|100%| O|  |TAMS 0x0000000084a00000, 0x0000000084900000| Untracked 
|  74|0x0000000084a00000, 0x0000000084a00000, 0x0000000084b00000|  0%| F|  |TAMS 0x0000000084a00000, 0x0000000084a00000| Untracked 
|  75|0x0000000084b00000, 0x0000000084c00000, 0x0000000084c00000|100%| O|  |TAMS 0x0000000084c00000, 0x0000000084b00000| Complete 
|  76|0x0000000084c00000, 0x0000000084d00000, 0x0000000084d00000|100%|HS|  |TAMS 0x0000000084d00000, 0x0000000084c00000| Complete 
|  77|0x0000000084d00000, 0x0000000084e00000, 0x0000000084e00000|100%|HC|  |TAMS 0x0000000084e00000, 0x0000000084d00000| Complete 
|  78|0x0000000084e00000, 0x0000000084f00000, 0x0000000084f00000|100%| O|  |TAMS 0x0000000084f00000, 0x0000000084e00000| Complete 
|  79|0x0000000084f00000, 0x0000000085000000, 0x0000000085000000|100%| O|  |TAMS 0x0000000085000000, 0x0000000084f00000| Untracked 
|  80|0x0000000085000000, 0x0000000085000000, 0x0000000085100000|  0%| F|  |TAMS 0x0000000085000000, 0x0000000085000000| Untracked 
|  81|0x0000000085100000, 0x0000000085200000, 0x0000000085200000|100%| O|  |TAMS 0x0000000085200000, 0x0000000085100000| Complete 
|  82|0x0000000085200000, 0x0000000085300000, 0x0000000085300000|100%| O|  |TAMS 0x0000000085300000, 0x0000000085200000| Complete 
|  83|0x0000000085300000, 0x0000000085400000, 0x0000000085400000|100%| O|  |TAMS 0x0000000085400000, 0x0000000085300000| Complete 
|  84|0x0000000085400000, 0x0000000085500000, 0x0000000085500000|100%| O|  |TAMS 0x0000000085500000, 0x0000000085400000| Complete 
|  85|0x0000000085500000, 0x0000000085600000, 0x0000000085600000|100%| O|  |TAMS 0x0000000085600000, 0x0000000085500000| Untracked 
|  86|0x0000000085600000, 0x0000000085700000, 0x0000000085700000|100%| O|  |TAMS 0x0000000085700000, 0x0000000085600000| Complete 
|  87|0x0000000085700000, 0x0000000085800000, 0x0000000085800000|100%| O|  |TAMS 0x0000000085800000, 0x0000000085700000| Complete 
|  88|0x0000000085800000, 0x0000000085900000, 0x0000000085900000|100%| O|  |TAMS 0x0000000085900000, 0x0000000085800000| Complete 
|  89|0x0000000085900000, 0x0000000085a00000, 0x0000000085a00000|100%| O|  |TAMS 0x0000000085a00000, 0x0000000085900000| Complete 
|  90|0x0000000085a00000, 0x0000000085b00000, 0x0000000085b00000|100%| O|  |TAMS 0x0000000085b00000, 0x0000000085a00000| Untracked 
|  91|0x0000000085b00000, 0x0000000085c00000, 0x0000000085c00000|100%| O|  |TAMS 0x0000000085c00000, 0x0000000085b00000| Untracked 
|  92|0x0000000085c00000, 0x0000000085d00000, 0x0000000085d00000|100%| O|  |TAMS 0x0000000085d00000, 0x0000000085c00000| Untracked 
|  93|0x0000000085d00000, 0x0000000085e00000, 0x0000000085e00000|100%| O|  |TAMS 0x0000000085e00000, 0x0000000085d00000| Complete 
|  94|0x0000000085e00000, 0x0000000085f00000, 0x0000000085f00000|100%| O|  |TAMS 0x0000000085f00000, 0x0000000085e00000| Complete 
|  95|0x0000000085f00000, 0x0000000086000000, 0x0000000086000000|100%| O|  |TAMS 0x0000000086000000, 0x0000000085f00000| Complete 
|  96|0x0000000086000000, 0x0000000086100000, 0x0000000086100000|100%| O|  |TAMS 0x0000000086100000, 0x0000000086000000| Complete 
|  97|0x0000000086100000, 0x0000000086200000, 0x0000000086200000|100%| O|  |TAMS 0x0000000086200000, 0x0000000086100000| Untracked 
|  98|0x0000000086200000, 0x0000000086300000, 0x0000000086300000|100%| O|  |TAMS 0x0000000086300000, 0x0000000086200000| Complete 
|  99|0x0000000086300000, 0x0000000086400000, 0x0000000086400000|100%| O|  |TAMS 0x0000000086400000, 0x0000000086300000| Untracked 
| 100|0x0000000086400000, 0x0000000086500000, 0x0000000086500000|100%| O|  |TAMS 0x0000000086500000, 0x0000000086400000| Complete 
| 101|0x0000000086500000, 0x0000000086600000, 0x0000000086600000|100%| O|  |TAMS 0x0000000086600000, 0x0000000086500000| Untracked 
| 102|0x0000000086600000, 0x0000000086700000, 0x0000000086700000|100%| O|  |TAMS 0x0000000086700000, 0x0000000086600000| Untracked 
| 103|0x0000000086700000, 0x0000000086800000, 0x0000000086800000|100%| O|  |TAMS 0x0000000086800000, 0x0000000086700000| Untracked 
| 104|0x0000000086800000, 0x0000000086900000, 0x0000000086900000|100%| O|  |TAMS 0x0000000086900000, 0x0000000086800000| Untracked 
| 105|0x0000000086900000, 0x0000000086a00000, 0x0000000086a00000|100%| O|  |TAMS 0x0000000086a00000, 0x0000000086900000| Untracked 
| 106|0x0000000086a00000, 0x0000000086b00000, 0x0000000086b00000|100%| O|  |TAMS 0x0000000086b00000, 0x0000000086a00000| Complete 
| 107|0x0000000086b00000, 0x0000000086b00000, 0x0000000086c00000|  0%| F|  |TAMS 0x0000000086b00000, 0x0000000086b00000| Untracked 
| 108|0x0000000086c00000, 0x0000000086d00000, 0x0000000086d00000|100%| O|  |TAMS 0x0000000086d00000, 0x0000000086c00000| Untracked 
| 109|0x0000000086d00000, 0x0000000086e00000, 0x0000000086e00000|100%| O|  |TAMS 0x0000000086e00000, 0x0000000086d00000| Untracked 
| 110|0x0000000086e00000, 0x0000000086f00000, 0x0000000086f00000|100%| O|  |TAMS 0x0000000086f00000, 0x0000000086e00000| Complete 
| 111|0x0000000086f00000, 0x0000000087000000, 0x0000000087000000|100%| O|  |TAMS 0x0000000087000000, 0x0000000086f00000| Untracked 
| 112|0x0000000087000000, 0x0000000087100000, 0x0000000087100000|100%| O|  |TAMS 0x0000000087100000, 0x0000000087000000| Untracked 
| 113|0x0000000087100000, 0x0000000087200000, 0x0000000087200000|100%| O|  |TAMS 0x0000000087200000, 0x0000000087100000| Untracked 
| 114|0x0000000087200000, 0x0000000087300000, 0x0000000087300000|100%| O|  |TAMS 0x0000000087300000, 0x0000000087200000| Untracked 
| 115|0x0000000087300000, 0x0000000087400000, 0x0000000087400000|100%| O|  |TAMS 0x0000000087400000, 0x0000000087300000| Untracked 
| 116|0x0000000087400000, 0x0000000087500000, 0x0000000087500000|100%| O|  |TAMS 0x0000000087500000, 0x0000000087400000| Complete 
| 117|0x0000000087500000, 0x0000000087500000, 0x0000000087600000|  0%| F|  |TAMS 0x0000000087500000, 0x0000000087500000| Untracked 
| 118|0x0000000087600000, 0x0000000087700000, 0x0000000087700000|100%| O|  |TAMS 0x0000000087700000, 0x0000000087600000| Untracked 
| 119|0x0000000087700000, 0x0000000087800000, 0x0000000087800000|100%| O|  |TAMS 0x0000000087800000, 0x0000000087700000| Complete 
| 120|0x0000000087800000, 0x0000000087900000, 0x0000000087900000|100%| O|  |TAMS 0x0000000087900000, 0x0000000087800000| Untracked 
| 121|0x0000000087900000, 0x0000000087900000, 0x0000000087a00000|  0%| F|  |TAMS 0x0000000087900000, 0x0000000087900000| Untracked 
| 122|0x0000000087a00000, 0x0000000087b00000, 0x0000000087b00000|100%| O|  |TAMS 0x0000000087b00000, 0x0000000087a00000| Complete 
| 123|0x0000000087b00000, 0x0000000087c00000, 0x0000000087c00000|100%| O|  |TAMS 0x0000000087c00000, 0x0000000087b00000| Complete 
| 124|0x0000000087c00000, 0x0000000087c00000, 0x0000000087d00000|  0%| F|  |TAMS 0x0000000087c00000, 0x0000000087c00000| Untracked 
| 125|0x0000000087d00000, 0x0000000087e00000, 0x0000000087e00000|100%| O|  |TAMS 0x0000000087e00000, 0x0000000087d00000| Complete 
| 126|0x0000000087e00000, 0x0000000087f00000, 0x0000000087f00000|100%| O|  |TAMS 0x0000000087f00000, 0x0000000087e00000| Complete 
| 127|0x0000000087f00000, 0x0000000088000000, 0x0000000088000000|100%| O|  |TAMS 0x0000000088000000, 0x0000000087f00000| Untracked 
| 128|0x0000000088000000, 0x0000000088100000, 0x0000000088100000|100%| O|  |TAMS 0x0000000088100000, 0x0000000088000000| Untracked 
| 129|0x0000000088100000, 0x0000000088200000, 0x0000000088200000|100%| O|  |TAMS 0x0000000088200000, 0x0000000088100000| Untracked 
| 130|0x0000000088200000, 0x0000000088300000, 0x0000000088300000|100%| O|  |TAMS 0x0000000088300000, 0x0000000088200000| Untracked 
| 131|0x0000000088300000, 0x0000000088400000, 0x0000000088400000|100%| O|  |TAMS 0x0000000088400000, 0x0000000088300000| Complete 
| 132|0x0000000088400000, 0x0000000088400000, 0x0000000088500000|  0%| F|  |TAMS 0x0000000088400000, 0x0000000088400000| Untracked 
| 133|0x0000000088500000, 0x0000000088500000, 0x0000000088600000|  0%| F|  |TAMS 0x0000000088500000, 0x0000000088500000| Untracked 
| 134|0x0000000088600000, 0x0000000088600000, 0x0000000088700000|  0%| F|  |TAMS 0x0000000088600000, 0x0000000088600000| Untracked 
| 135|0x0000000088700000, 0x0000000088800000, 0x0000000088800000|100%| O|  |TAMS 0x0000000088800000, 0x0000000088700000| Complete 
| 136|0x0000000088800000, 0x0000000088900000, 0x0000000088900000|100%| O|  |TAMS 0x0000000088900000, 0x0000000088800000| Complete 
| 137|0x0000000088900000, 0x0000000088a00000, 0x0000000088a00000|100%| O|  |TAMS 0x0000000088a00000, 0x0000000088900000| Complete 
| 138|0x0000000088a00000, 0x0000000088b00000, 0x0000000088b00000|100%| O|  |TAMS 0x0000000088b00000, 0x0000000088a00000| Complete 
| 139|0x0000000088b00000, 0x0000000088b00000, 0x0000000088c00000|  0%| F|  |TAMS 0x0000000088b00000, 0x0000000088b00000| Untracked 
| 140|0x0000000088c00000, 0x0000000088d00000, 0x0000000088d00000|100%| O|  |TAMS 0x0000000088d00000, 0x0000000088c00000| Complete 
| 141|0x0000000088d00000, 0x0000000088e00000, 0x0000000088e00000|100%| O|  |TAMS 0x0000000088e00000, 0x0000000088d00000| Complete 
| 142|0x0000000088e00000, 0x0000000088f00000, 0x0000000088f00000|100%| O|  |TAMS 0x0000000088f00000, 0x0000000088e00000| Complete 
| 143|0x0000000088f00000, 0x0000000089000000, 0x0000000089000000|100%| O|  |TAMS 0x0000000089000000, 0x0000000088f00000| Untracked 
| 144|0x0000000089000000, 0x0000000089000000, 0x0000000089100000|  0%| F|  |TAMS 0x0000000089000000, 0x0000000089000000| Untracked 
| 145|0x0000000089100000, 0x0000000089200000, 0x0000000089200000|100%| O|  |TAMS 0x0000000089200000, 0x0000000089100000| Untracked 
| 146|0x0000000089200000, 0x0000000089300000, 0x0000000089300000|100%| O|  |TAMS 0x0000000089300000, 0x0000000089200000| Complete 
| 147|0x0000000089300000, 0x0000000089400000, 0x0000000089400000|100%| O|  |TAMS 0x0000000089400000, 0x0000000089300000| Complete 
| 148|0x0000000089400000, 0x0000000089400000, 0x0000000089500000|  0%| F|  |TAMS 0x0000000089400000, 0x0000000089400000| Untracked 
| 149|0x0000000089500000, 0x0000000089600000, 0x0000000089600000|100%| O|  |TAMS 0x0000000089600000, 0x0000000089500000| Untracked 
| 150|0x0000000089600000, 0x0000000089600000, 0x0000000089700000|  0%| F|  |TAMS 0x0000000089600000, 0x0000000089600000| Untracked 
| 151|0x0000000089700000, 0x0000000089800000, 0x0000000089800000|100%| O|  |TAMS 0x0000000089800000, 0x0000000089700000| Untracked 
| 152|0x0000000089800000, 0x0000000089900000, 0x0000000089900000|100%| O|  |TAMS 0x0000000089900000, 0x0000000089800000| Untracked 
| 153|0x0000000089900000, 0x0000000089a00000, 0x0000000089a00000|100%| O|  |TAMS 0x0000000089a00000, 0x0000000089900000| Untracked 
| 154|0x0000000089a00000, 0x0000000089b00000, 0x0000000089b00000|100%| O|  |TAMS 0x0000000089b00000, 0x0000000089a00000| Untracked 
| 155|0x0000000089b00000, 0x0000000089c00000, 0x0000000089c00000|100%| O|  |TAMS 0x0000000089c00000, 0x0000000089b00000| Untracked 
| 156|0x0000000089c00000, 0x0000000089d00000, 0x0000000089d00000|100%| O|  |TAMS 0x0000000089d00000, 0x0000000089c00000| Untracked 
| 157|0x0000000089d00000, 0x0000000089e00000, 0x0000000089e00000|100%| O|  |TAMS 0x0000000089e00000, 0x0000000089d00000| Untracked 
| 158|0x0000000089e00000, 0x0000000089f00000, 0x0000000089f00000|100%| O|  |TAMS 0x0000000089f00000, 0x0000000089e00000| Complete 
| 159|0x0000000089f00000, 0x000000008a000000, 0x000000008a000000|100%| O|  |TAMS 0x000000008a000000, 0x0000000089f00000| Complete 
| 160|0x000000008a000000, 0x000000008a100000, 0x000000008a100000|100%| O|  |TAMS 0x000000008a100000, 0x000000008a000000| Complete 
| 161|0x000000008a100000, 0x000000008a200000, 0x000000008a200000|100%| O|  |TAMS 0x000000008a200000, 0x000000008a100000| Complete 
| 162|0x000000008a200000, 0x000000008a300000, 0x000000008a300000|100%| O|  |TAMS 0x000000008a300000, 0x000000008a200000| Untracked 
| 163|0x000000008a300000, 0x000000008a400000, 0x000000008a400000|100%| O|  |TAMS 0x000000008a400000, 0x000000008a300000| Untracked 
| 164|0x000000008a400000, 0x000000008a500000, 0x000000008a500000|100%| O|  |TAMS 0x000000008a500000, 0x000000008a400000| Untracked 
| 165|0x000000008a500000, 0x000000008a600000, 0x000000008a600000|100%| O|  |TAMS 0x000000008a600000, 0x000000008a500000| Untracked 
| 166|0x000000008a600000, 0x000000008a700000, 0x000000008a700000|100%| O|  |TAMS 0x000000008a700000, 0x000000008a600000| Untracked 
| 167|0x000000008a700000, 0x000000008a800000, 0x000000008a800000|100%| O|  |TAMS 0x000000008a7d6800, 0x000000008a700000| Untracked 
| 168|0x000000008a800000, 0x000000008a900000, 0x000000008a900000|100%| O|  |TAMS 0x000000008a800000, 0x000000008a800000| Untracked 
| 169|0x000000008a900000, 0x000000008aa00000, 0x000000008aa00000|100%| O|  |TAMS 0x000000008a900000, 0x000000008a900000| Untracked 
| 170|0x000000008aa00000, 0x000000008ab00000, 0x000000008ab00000|100%| O|  |TAMS 0x000000008aa00000, 0x000000008aa00000| Untracked 
| 171|0x000000008ab00000, 0x000000008ac00000, 0x000000008ac00000|100%|HS|  |TAMS 0x000000008ab00000, 0x000000008ab00000| Complete 
| 172|0x000000008ac00000, 0x000000008ad00000, 0x000000008ad00000|100%| O|  |TAMS 0x000000008ac00000, 0x000000008ac00000| Untracked 
| 173|0x000000008ad00000, 0x000000008ae00000, 0x000000008ae00000|100%|HS|  |TAMS 0x000000008ad00000, 0x000000008ad00000| Complete 
| 174|0x000000008ae00000, 0x000000008af00000, 0x000000008af00000|100%| O|  |TAMS 0x000000008ae00000, 0x000000008ae00000| Untracked 
| 175|0x000000008af00000, 0x000000008b000000, 0x000000008b000000|100%| O|  |TAMS 0x000000008af00000, 0x000000008af00000| Untracked 
| 176|0x000000008b000000, 0x000000008b100000, 0x000000008b100000|100%| O|  |TAMS 0x000000008b000000, 0x000000008b000000| Untracked 
| 177|0x000000008b100000, 0x000000008b200000, 0x000000008b200000|100%| O|  |TAMS 0x000000008b100000, 0x000000008b100000| Untracked 
| 178|0x000000008b200000, 0x000000008b300000, 0x000000008b300000|100%| O|  |TAMS 0x000000008b200000, 0x000000008b200000| Untracked 
| 179|0x000000008b300000, 0x000000008b400000, 0x000000008b400000|100%| O|  |TAMS 0x000000008b300000, 0x000000008b300000| Untracked 
| 180|0x000000008b400000, 0x000000008b500000, 0x000000008b500000|100%| O|  |TAMS 0x000000008b400000, 0x000000008b400000| Untracked 
| 181|0x000000008b500000, 0x000000008b600000, 0x000000008b600000|100%| O|  |TAMS 0x000000008b500000, 0x000000008b500000| Untracked 
| 182|0x000000008b600000, 0x000000008b700000, 0x000000008b700000|100%| O|  |TAMS 0x000000008b600000, 0x000000008b600000| Untracked 
| 183|0x000000008b700000, 0x000000008b800000, 0x000000008b800000|100%| O|  |TAMS 0x000000008b700000, 0x000000008b700000| Untracked 
| 184|0x000000008b800000, 0x000000008b900000, 0x000000008b900000|100%| O|  |TAMS 0x000000008b800000, 0x000000008b800000| Untracked 
| 185|0x000000008b900000, 0x000000008ba00000, 0x000000008ba00000|100%| O|  |TAMS 0x000000008b900000, 0x000000008b900000| Untracked 
| 186|0x000000008ba00000, 0x000000008bb00000, 0x000000008bb00000|100%| O|  |TAMS 0x000000008ba00000, 0x000000008ba00000| Untracked 
| 187|0x000000008bb00000, 0x000000008bc00000, 0x000000008bc00000|100%| O|  |TAMS 0x000000008bb00000, 0x000000008bb00000| Untracked 
| 188|0x000000008bc00000, 0x000000008bd00000, 0x000000008bd00000|100%| O|  |TAMS 0x000000008bc00000, 0x000000008bc00000| Untracked 
| 189|0x000000008bd00000, 0x000000008be00000, 0x000000008be00000|100%| O|  |TAMS 0x000000008bd00000, 0x000000008bd00000| Untracked 
| 190|0x000000008be00000, 0x000000008bf00000, 0x000000008bf00000|100%| O|  |TAMS 0x000000008be00000, 0x000000008be00000| Untracked 
| 191|0x000000008bf00000, 0x000000008c000000, 0x000000008c000000|100%| O|  |TAMS 0x000000008bf00000, 0x000000008bf00000| Untracked 
| 192|0x000000008c000000, 0x000000008c100000, 0x000000008c100000|100%| O|  |TAMS 0x000000008c000000, 0x000000008c000000| Untracked 
| 193|0x000000008c100000, 0x000000008c200000, 0x000000008c200000|100%| O|  |TAMS 0x000000008c100000, 0x000000008c100000| Untracked 
| 194|0x000000008c200000, 0x000000008c300000, 0x000000008c300000|100%| O|  |TAMS 0x000000008c200000, 0x000000008c200000| Untracked 
| 195|0x000000008c300000, 0x000000008c400000, 0x000000008c400000|100%| O|  |TAMS 0x000000008c300000, 0x000000008c300000| Untracked 
| 196|0x000000008c400000, 0x000000008c500000, 0x000000008c500000|100%| O|  |TAMS 0x000000008c400000, 0x000000008c400000| Untracked 
| 197|0x000000008c500000, 0x000000008c600000, 0x000000008c600000|100%| O|  |TAMS 0x000000008c500000, 0x000000008c500000| Untracked 
| 198|0x000000008c600000, 0x000000008c700000, 0x000000008c700000|100%| O|  |TAMS 0x000000008c600000, 0x000000008c600000| Untracked 
| 199|0x000000008c700000, 0x000000008c7cb000, 0x000000008c800000| 79%| O|  |TAMS 0x000000008c700000, 0x000000008c700000| Untracked 
| 200|0x000000008c800000, 0x000000008c800000, 0x000000008c900000|  0%| F|  |TAMS 0x000000008c800000, 0x000000008c800000| Untracked 
| 201|0x000000008c900000, 0x000000008c900000, 0x000000008ca00000|  0%| F|  |TAMS 0x000000008c900000, 0x000000008c900000| Untracked 
| 202|0x000000008ca00000, 0x000000008ca00000, 0x000000008cb00000|  0%| F|  |TAMS 0x000000008ca00000, 0x000000008ca00000| Untracked 
| 203|0x000000008cb00000, 0x000000008cb00000, 0x000000008cc00000|  0%| F|  |TAMS 0x000000008cb00000, 0x000000008cb00000| Untracked 
| 204|0x000000008cc00000, 0x000000008cc00000, 0x000000008cd00000|  0%| F|  |TAMS 0x000000008cc00000, 0x000000008cc00000| Untracked 
| 205|0x000000008cd00000, 0x000000008cd00000, 0x000000008ce00000|  0%| F|  |TAMS 0x000000008cd00000, 0x000000008cd00000| Untracked 
| 206|0x000000008ce00000, 0x000000008ce00000, 0x000000008cf00000|  0%| F|  |TAMS 0x000000008ce00000, 0x000000008ce00000| Untracked 
| 207|0x000000008cf00000, 0x000000008cf00000, 0x000000008d000000|  0%| F|  |TAMS 0x000000008cf00000, 0x000000008cf00000| Untracked 
| 208|0x000000008d000000, 0x000000008d000000, 0x000000008d100000|  0%| F|  |TAMS 0x000000008d000000, 0x000000008d000000| Untracked 
| 209|0x000000008d100000, 0x000000008d100000, 0x000000008d200000|  0%| F|  |TAMS 0x000000008d100000, 0x000000008d100000| Untracked 
| 210|0x000000008d200000, 0x000000008d200000, 0x000000008d300000|  0%| F|  |TAMS 0x000000008d200000, 0x000000008d200000| Untracked 
| 211|0x000000008d300000, 0x000000008d300000, 0x000000008d400000|  0%| F|  |TAMS 0x000000008d300000, 0x000000008d300000| Untracked 
| 212|0x000000008d400000, 0x000000008d400000, 0x000000008d500000|  0%| F|  |TAMS 0x000000008d400000, 0x000000008d400000| Untracked 
| 213|0x000000008d500000, 0x000000008d500000, 0x000000008d600000|  0%| F|  |TAMS 0x000000008d500000, 0x000000008d500000| Untracked 
| 214|0x000000008d600000, 0x000000008d600000, 0x000000008d700000|  0%| F|  |TAMS 0x000000008d600000, 0x000000008d600000| Untracked 
| 215|0x000000008d700000, 0x000000008d700000, 0x000000008d800000|  0%| F|  |TAMS 0x000000008d700000, 0x000000008d700000| Untracked 
| 216|0x000000008d800000, 0x000000008d800000, 0x000000008d900000|  0%| F|  |TAMS 0x000000008d800000, 0x000000008d800000| Untracked 
| 217|0x000000008d900000, 0x000000008d900000, 0x000000008da00000|  0%| F|  |TAMS 0x000000008d900000, 0x000000008d900000| Untracked 
| 218|0x000000008da00000, 0x000000008da00000, 0x000000008db00000|  0%| F|  |TAMS 0x000000008da00000, 0x000000008da00000| Untracked 
| 219|0x000000008db00000, 0x000000008db00000, 0x000000008dc00000|  0%| F|  |TAMS 0x000000008db00000, 0x000000008db00000| Untracked 
| 220|0x000000008dc00000, 0x000000008dc00000, 0x000000008dd00000|  0%| F|  |TAMS 0x000000008dc00000, 0x000000008dc00000| Untracked 
| 221|0x000000008dd00000, 0x000000008dd00000, 0x000000008de00000|  0%| F|  |TAMS 0x000000008dd00000, 0x000000008dd00000| Untracked 
| 222|0x000000008de00000, 0x000000008de00000, 0x000000008df00000|  0%| F|  |TAMS 0x000000008de00000, 0x000000008de00000| Untracked 
| 223|0x000000008df00000, 0x000000008df00000, 0x000000008e000000|  0%| F|  |TAMS 0x000000008df00000, 0x000000008df00000| Untracked 
| 224|0x000000008e000000, 0x000000008e000000, 0x000000008e100000|  0%| F|  |TAMS 0x000000008e000000, 0x000000008e000000| Untracked 
| 225|0x000000008e100000, 0x000000008e100000, 0x000000008e200000|  0%| F|  |TAMS 0x000000008e100000, 0x000000008e100000| Untracked 
| 226|0x000000008e200000, 0x000000008e200000, 0x000000008e300000|  0%| F|  |TAMS 0x000000008e200000, 0x000000008e200000| Untracked 
| 227|0x000000008e300000, 0x000000008e300000, 0x000000008e400000|  0%| F|  |TAMS 0x000000008e300000, 0x000000008e300000| Untracked 
| 228|0x000000008e400000, 0x000000008e400000, 0x000000008e500000|  0%| F|  |TAMS 0x000000008e400000, 0x000000008e400000| Untracked 
| 229|0x000000008e500000, 0x000000008e500000, 0x000000008e600000|  0%| F|  |TAMS 0x000000008e500000, 0x000000008e500000| Untracked 
| 230|0x000000008e600000, 0x000000008e600000, 0x000000008e700000|  0%| F|  |TAMS 0x000000008e600000, 0x000000008e600000| Untracked 
| 231|0x000000008e700000, 0x000000008e700000, 0x000000008e800000|  0%| F|  |TAMS 0x000000008e700000, 0x000000008e700000| Untracked 
| 232|0x000000008e800000, 0x000000008e800000, 0x000000008e900000|  0%| F|  |TAMS 0x000000008e800000, 0x000000008e800000| Untracked 
| 233|0x000000008e900000, 0x000000008e900000, 0x000000008ea00000|  0%| F|  |TAMS 0x000000008e900000, 0x000000008e900000| Untracked 
| 234|0x000000008ea00000, 0x000000008ea00000, 0x000000008eb00000|  0%| F|  |TAMS 0x000000008ea00000, 0x000000008ea00000| Untracked 
| 235|0x000000008eb00000, 0x000000008eb00000, 0x000000008ec00000|  0%| F|  |TAMS 0x000000008eb00000, 0x000000008eb00000| Untracked 
| 236|0x000000008ec00000, 0x000000008ec00000, 0x000000008ed00000|  0%| F|  |TAMS 0x000000008ec00000, 0x000000008ec00000| Untracked 
| 237|0x000000008ed00000, 0x000000008ed00000, 0x000000008ee00000|  0%| F|  |TAMS 0x000000008ed00000, 0x000000008ed00000| Untracked 
| 238|0x000000008ee00000, 0x000000008ee00000, 0x000000008ef00000|  0%| F|  |TAMS 0x000000008ee00000, 0x000000008ee00000| Untracked 
| 239|0x000000008ef00000, 0x000000008ef00000, 0x000000008f000000|  0%| F|  |TAMS 0x000000008ef00000, 0x000000008ef00000| Untracked 
| 240|0x000000008f000000, 0x000000008f000000, 0x000000008f100000|  0%| F|  |TAMS 0x000000008f000000, 0x000000008f000000| Untracked 
| 241|0x000000008f100000, 0x000000008f100000, 0x000000008f200000|  0%| F|  |TAMS 0x000000008f100000, 0x000000008f100000| Untracked 
| 242|0x000000008f200000, 0x000000008f200000, 0x000000008f300000|  0%| F|  |TAMS 0x000000008f200000, 0x000000008f200000| Untracked 
| 243|0x000000008f300000, 0x000000008f300000, 0x000000008f400000|  0%| F|  |TAMS 0x000000008f300000, 0x000000008f300000| Untracked 
| 244|0x000000008f400000, 0x000000008f400000, 0x000000008f500000|  0%| F|  |TAMS 0x000000008f400000, 0x000000008f400000| Untracked 
| 245|0x000000008f500000, 0x000000008f500000, 0x000000008f600000|  0%| F|  |TAMS 0x000000008f500000, 0x000000008f500000| Untracked 
| 246|0x000000008f600000, 0x000000008f600000, 0x000000008f700000|  0%| F|  |TAMS 0x000000008f600000, 0x000000008f600000| Untracked 
| 247|0x000000008f700000, 0x000000008f700000, 0x000000008f800000|  0%| F|  |TAMS 0x000000008f700000, 0x000000008f700000| Untracked 
| 248|0x000000008f800000, 0x000000008f800000, 0x000000008f900000|  0%| F|  |TAMS 0x000000008f800000, 0x000000008f800000| Untracked 
| 249|0x000000008f900000, 0x000000008f900000, 0x000000008fa00000|  0%| F|  |TAMS 0x000000008f900000, 0x000000008f900000| Untracked 
| 250|0x000000008fa00000, 0x000000008fa00000, 0x000000008fb00000|  0%| F|  |TAMS 0x000000008fa00000, 0x000000008fa00000| Untracked 
| 251|0x000000008fb00000, 0x000000008fb00000, 0x000000008fc00000|  0%| F|  |TAMS 0x000000008fb00000, 0x000000008fb00000| Untracked 
| 252|0x000000008fc00000, 0x000000008fc00000, 0x000000008fd00000|  0%| F|  |TAMS 0x000000008fc00000, 0x000000008fc00000| Untracked 
| 253|0x000000008fd00000, 0x000000008fd00000, 0x000000008fe00000|  0%| F|  |TAMS 0x000000008fd00000, 0x000000008fd00000| Untracked 
| 254|0x000000008fe00000, 0x000000008fe00000, 0x000000008ff00000|  0%| F|  |TAMS 0x000000008fe00000, 0x000000008fe00000| Untracked 
| 255|0x000000008ff00000, 0x000000008ff00000, 0x0000000090000000|  0%| F|  |TAMS 0x000000008ff00000, 0x000000008ff00000| Untracked 
| 256|0x0000000090000000, 0x0000000090000000, 0x0000000090100000|  0%| F|  |TAMS 0x0000000090000000, 0x0000000090000000| Untracked 
| 257|0x0000000090100000, 0x0000000090100000, 0x0000000090200000|  0%| F|  |TAMS 0x0000000090100000, 0x0000000090100000| Untracked 
| 258|0x0000000090200000, 0x0000000090200000, 0x0000000090300000|  0%| F|  |TAMS 0x0000000090200000, 0x0000000090200000| Untracked 
| 259|0x0000000090300000, 0x0000000090300000, 0x0000000090400000|  0%| F|  |TAMS 0x0000000090300000, 0x0000000090300000| Untracked 
| 260|0x0000000090400000, 0x0000000090400000, 0x0000000090500000|  0%| F|  |TAMS 0x0000000090400000, 0x0000000090400000| Untracked 
| 261|0x0000000090500000, 0x0000000090500000, 0x0000000090600000|  0%| F|  |TAMS 0x0000000090500000, 0x0000000090500000| Untracked 
| 262|0x0000000090600000, 0x0000000090600000, 0x0000000090700000|  0%| F|  |TAMS 0x0000000090600000, 0x0000000090600000| Untracked 
| 263|0x0000000090700000, 0x0000000090700000, 0x0000000090800000|  0%| F|  |TAMS 0x0000000090700000, 0x0000000090700000| Untracked 
| 264|0x0000000090800000, 0x0000000090800000, 0x0000000090900000|  0%| F|  |TAMS 0x0000000090800000, 0x0000000090800000| Untracked 
| 265|0x0000000090900000, 0x0000000090900000, 0x0000000090a00000|  0%| F|  |TAMS 0x0000000090900000, 0x0000000090900000| Untracked 
| 266|0x0000000090a00000, 0x0000000090a00000, 0x0000000090b00000|  0%| F|  |TAMS 0x0000000090a00000, 0x0000000090a00000| Untracked 
| 267|0x0000000090b00000, 0x0000000090b00000, 0x0000000090c00000|  0%| F|  |TAMS 0x0000000090b00000, 0x0000000090b00000| Untracked 
| 268|0x0000000090c00000, 0x0000000090c00000, 0x0000000090d00000|  0%| F|  |TAMS 0x0000000090c00000, 0x0000000090c00000| Untracked 
| 269|0x0000000090d00000, 0x0000000090d00000, 0x0000000090e00000|  0%| F|  |TAMS 0x0000000090d00000, 0x0000000090d00000| Untracked 
| 270|0x0000000090e00000, 0x0000000090e00000, 0x0000000090f00000|  0%| F|  |TAMS 0x0000000090e00000, 0x0000000090e00000| Untracked 
| 271|0x0000000090f00000, 0x0000000090f00000, 0x0000000091000000|  0%| F|  |TAMS 0x0000000090f00000, 0x0000000090f00000| Untracked 
| 272|0x0000000091000000, 0x0000000091000000, 0x0000000091100000|  0%| F|  |TAMS 0x0000000091000000, 0x0000000091000000| Untracked 
| 273|0x0000000091100000, 0x0000000091100000, 0x0000000091200000|  0%| F|  |TAMS 0x0000000091100000, 0x0000000091100000| Untracked 
| 274|0x0000000091200000, 0x0000000091200000, 0x0000000091300000|  0%| F|  |TAMS 0x0000000091200000, 0x0000000091200000| Untracked 
| 275|0x0000000091300000, 0x0000000091300000, 0x0000000091400000|  0%| F|  |TAMS 0x0000000091300000, 0x0000000091300000| Untracked 
| 276|0x0000000091400000, 0x0000000091400000, 0x0000000091500000|  0%| F|  |TAMS 0x0000000091400000, 0x0000000091400000| Untracked 
| 277|0x0000000091500000, 0x0000000091500000, 0x0000000091600000|  0%| F|  |TAMS 0x0000000091500000, 0x0000000091500000| Untracked 
| 278|0x0000000091600000, 0x0000000091600000, 0x0000000091700000|  0%| F|  |TAMS 0x0000000091600000, 0x0000000091600000| Untracked 
| 279|0x0000000091700000, 0x0000000091700000, 0x0000000091800000|  0%| F|  |TAMS 0x0000000091700000, 0x0000000091700000| Untracked 
| 280|0x0000000091800000, 0x0000000091800000, 0x0000000091900000|  0%| F|  |TAMS 0x0000000091800000, 0x0000000091800000| Untracked 
| 281|0x0000000091900000, 0x0000000091900000, 0x0000000091a00000|  0%| F|  |TAMS 0x0000000091900000, 0x0000000091900000| Untracked 
| 282|0x0000000091a00000, 0x0000000091a00000, 0x0000000091b00000|  0%| F|  |TAMS 0x0000000091a00000, 0x0000000091a00000| Untracked 
| 283|0x0000000091b00000, 0x0000000091b00000, 0x0000000091c00000|  0%| F|  |TAMS 0x0000000091b00000, 0x0000000091b00000| Untracked 
| 284|0x0000000091c00000, 0x0000000091c00000, 0x0000000091d00000|  0%| F|  |TAMS 0x0000000091c00000, 0x0000000091c00000| Untracked 
| 285|0x0000000091d00000, 0x0000000091d00000, 0x0000000091e00000|  0%| F|  |TAMS 0x0000000091d00000, 0x0000000091d00000| Untracked 
| 286|0x0000000091e00000, 0x0000000091e00000, 0x0000000091f00000|  0%| F|  |TAMS 0x0000000091e00000, 0x0000000091e00000| Untracked 
| 287|0x0000000091f00000, 0x0000000091f00000, 0x0000000092000000|  0%| F|  |TAMS 0x0000000091f00000, 0x0000000091f00000| Untracked 
| 288|0x0000000092000000, 0x0000000092000000, 0x0000000092100000|  0%| F|  |TAMS 0x0000000092000000, 0x0000000092000000| Untracked 
| 289|0x0000000092100000, 0x0000000092100000, 0x0000000092200000|  0%| F|  |TAMS 0x0000000092100000, 0x0000000092100000| Untracked 
| 290|0x0000000092200000, 0x0000000092200000, 0x0000000092300000|  0%| F|  |TAMS 0x0000000092200000, 0x0000000092200000| Untracked 
| 291|0x0000000092300000, 0x0000000092300000, 0x0000000092400000|  0%| F|  |TAMS 0x0000000092300000, 0x0000000092300000| Untracked 
| 292|0x0000000092400000, 0x0000000092400000, 0x0000000092500000|  0%| F|  |TAMS 0x0000000092400000, 0x0000000092400000| Untracked 
| 293|0x0000000092500000, 0x0000000092500000, 0x0000000092600000|  0%| F|  |TAMS 0x0000000092500000, 0x0000000092500000| Untracked 
| 294|0x0000000092600000, 0x0000000092700000, 0x0000000092700000|100%| S|CS|TAMS 0x0000000092600000, 0x0000000092600000| Complete 
| 295|0x0000000092700000, 0x0000000092800000, 0x0000000092800000|100%| S|CS|TAMS 0x0000000092700000, 0x0000000092700000| Complete 
| 296|0x0000000092800000, 0x0000000092800000, 0x0000000092900000|  0%| F|  |TAMS 0x0000000092800000, 0x0000000092800000| Untracked 
| 297|0x0000000092900000, 0x0000000092900000, 0x0000000092a00000|  0%| F|  |TAMS 0x0000000092900000, 0x0000000092900000| Untracked 
| 298|0x0000000092a00000, 0x0000000092a00000, 0x0000000092b00000|  0%| F|  |TAMS 0x0000000092a00000, 0x0000000092a00000| Untracked 
| 299|0x0000000092b00000, 0x0000000092b00000, 0x0000000092c00000|  0%| F|  |TAMS 0x0000000092b00000, 0x0000000092b00000| Untracked 

Card table byte_map: [0x0000025b41430000,0x0000025b41830000] _byte_map_base: 0x0000025b41030000

Marking Bits (Prev, Next): (CMBitMap*) 0x0000025b2df198f8, (CMBitMap*) 0x0000025b2df19930
 Prev Bits: [0x0000025b41c30000, 0x0000025b43c30000)
 Next Bits: [0x0000025b43c30000, 0x0000025b45c30000)

Polling page: 0x0000025b319e0000

Metaspace:

Usage:
  Non-class:     93.39 MB capacity,    91.71 MB ( 98%) used,     1.37 MB (  1%) free+waste,   315.06 KB ( <1%) overhead. 
      Class:     14.06 MB capacity,    13.08 MB ( 93%) used,   862.56 KB (  6%) free+waste,   141.50 KB ( <1%) overhead. 
       Both:    107.45 MB capacity,   104.79 MB ( 98%) used,     2.21 MB (  2%) free+waste,   456.56 KB ( <1%) overhead. 

Virtual space:
  Non-class space:       94.00 MB reserved,      93.42 MB (>99%) committed 
      Class space:        1.00 GB reserved,      14.13 MB (  1%) committed 
             Both:        1.09 GB reserved,     107.55 MB ( 10%) committed 

Chunk freelists:
   Non-Class:  35.00 KB
       Class:  5.00 KB
        Both:  40.00 KB

MaxMetaspaceSize: 17179869184.00 GB
CompressedClassSpaceSize: 1.00 GB

CodeHeap 'non-profiled nmethods': size=120064Kb used=9745Kb max_used=10082Kb free=110318Kb
 bounds [0x0000025b394c0000, 0x0000025b39ea0000, 0x0000025b40a00000]
CodeHeap 'profiled nmethods': size=120000Kb used=37141Kb max_used=37939Kb free=82858Kb
 bounds [0x0000025b31f90000, 0x0000025b344b0000, 0x0000025b394c0000]
CodeHeap 'non-nmethods': size=5696Kb used=2342Kb max_used=2379Kb free=3353Kb
 bounds [0x0000025b31a00000, 0x0000025b31c70000, 0x0000025b31f90000]
 total_blobs=17362 nmethods=16400 adapters=872
 compilation: enabled
              stopped_count=0, restarted_count=0
 full_count=0

Compilation events (20 events):
Event: 135.107 Thread 0x0000025b482a4000 17818       2       com.android.tools.r8.dex.d::a (42 bytes)
Event: 135.107 Thread 0x0000025b482a4000 nmethod 17818 0x0000025b32387890 code [0x0000025b32387a80, 0x0000025b32387ce8]
Event: 135.107 Thread 0x0000025b482a4000 17820       2       com.android.tools.r8.s.a.b.m.a::b (67 bytes)
Event: 135.108 Thread 0x0000025b482a4000 nmethod 17820 0x0000025b323a9f10 code [0x0000025b323aa160, 0x0000025b323aa648]
Event: 135.108 Thread 0x0000025b482a4000 17821       2       com.android.tools.r8.s.a.b.m.a::l (114 bytes)
Event: 135.109 Thread 0x0000025b482a4000 nmethod 17821 0x0000025b323a9310 code [0x0000025b323a9580, 0x0000025b323a9bc8]
Event: 135.109 Thread 0x0000025b482a4000 17823       2       com.android.tools.r8.graph.U::computeEquals (62 bytes)
Event: 135.110 Thread 0x0000025b482a4000 nmethod 17823 0x0000025b32390010 code [0x0000025b32390200, 0x0000025b323905e8]
Event: 135.110 Thread 0x0000025b482a4000 17819       2       com.android.tools.r8.s.a.b.m.a::n (207 bytes)
Event: 135.111 Thread 0x0000025b482a4000 nmethod 17819 0x0000025b323aca90 code [0x0000025b323acd20, 0x0000025b323ad458]
Event: 135.111 Thread 0x0000025b482a4000 17822       2       com.android.tools.r8.s.a.b.m.a::f (96 bytes)
Event: 135.112 Thread 0x0000025b482a4000 nmethod 17822 0x0000025b323c1c90 code [0x0000025b323c1ee0, 0x0000025b323c2438]
Event: 135.124 Thread 0x0000025b482a4000 17825       3       com.android.tools.r8.s.a.b.m.a::b (653 bytes)
Event: 135.129 Thread 0x0000025b482a4000 nmethod 17825 0x0000025b325bd610 code [0x0000025b325bdc00, 0x0000025b325c06f8]
Event: 135.184 Thread 0x0000025b482a4000 17830       2       com.android.tools.r8.s.a.b.l.d::a (368 bytes)
Event: 135.185 Thread 0x0000025b482a4000 nmethod 17830 0x0000025b323b7490 code [0x0000025b323b76a0, 0x0000025b323b7a98]
Event: 135.185 Thread 0x0000025b482a4000 17831       2       com.android.tools.r8.s.a.b.l.d::a (78 bytes)
Event: 135.186 Thread 0x0000025b482a4000 nmethod 17831 0x0000025b32393d90 code [0x0000025b32393f60, 0x0000025b32394258]
Event: 135.186 Thread 0x0000025b482a4000 17832       2       com.android.tools.r8.s.a.b.l.d::a (125 bytes)
Event: 135.186 Thread 0x0000025b482a4000 nmethod 17832 0x0000025b323b9390 code [0x0000025b323b9560, 0x0000025b323b98c8]

GC Heap History (20 events):
Event: 122.622 GC heap after
{Heap after GC invocations=80 (full 0):
 garbage-first heap   total 256000K, used 166540K [0x0000000080000000, 0x0000000100000000)
  region size 1024K, 4 young (4096K), 4 survivors (4096K)
 Metaspace       used 98494K, capacity 100975K, committed 101168K, reserved 1136640K
  class space    used 12164K, capacity 13066K, committed 13184K, reserved 1048576K
}
Event: 124.446 GC heap before
{Heap before GC invocations=81 (full 0):
 garbage-first heap   total 256000K, used 217740K [0x0000000080000000, 0x0000000100000000)
  region size 1024K, 54 young (55296K), 4 survivors (4096K)
 Metaspace       used 98568K, capacity 101047K, committed 101168K, reserved 1136640K
  class space    used 12167K, capacity 13069K, committed 13184K, reserved 1048576K
}
Event: 124.473 GC heap after
{Heap after GC invocations=82 (full 0):
 garbage-first heap   total 256000K, used 168190K [0x0000000080000000, 0x0000000100000000)
  region size 1024K, 6 young (6144K), 6 survivors (6144K)
 Metaspace       used 98568K, capacity 101047K, committed 101168K, reserved 1136640K
  class space    used 12167K, capacity 13069K, committed 13184K, reserved 1048576K
}
Event: 124.598 GC heap before
{Heap before GC invocations=82 (full 0):
 garbage-first heap   total 256000K, used 174334K [0x0000000080000000, 0x0000000100000000)
  region size 1024K, 12 young (12288K), 6 survivors (6144K)
 Metaspace       used 98568K, capacity 101047K, committed 101168K, reserved 1136640K
  class space    used 12167K, capacity 13069K, committed 13184K, reserved 1048576K
}
Event: 124.642 GC heap after
{Heap after GC invocations=83 (full 0):
 garbage-first heap   total 256000K, used 168292K [0x0000000080000000, 0x0000000100000000)
  region size 1024K, 1 young (1024K), 1 survivors (1024K)
 Metaspace       used 98568K, capacity 101047K, committed 101168K, reserved 1136640K
  class space    used 12167K, capacity 13069K, committed 13184K, reserved 1048576K
}
Event: 125.310 GC heap before
{Heap before GC invocations=83 (full 0):
 garbage-first heap   total 256000K, used 219492K [0x0000000080000000, 0x0000000100000000)
  region size 1024K, 51 young (52224K), 1 survivors (1024K)
 Metaspace       used 98577K, capacity 101047K, committed 101168K, reserved 1136640K
  class space    used 12167K, capacity 13069K, committed 13184K, reserved 1048576K
}
Event: 125.326 GC heap after
{Heap after GC invocations=84 (full 0):
 garbage-first heap   total 307200K, used 168654K [0x0000000080000000, 0x0000000100000000)
  region size 1024K, 2 young (2048K), 2 survivors (2048K)
 Metaspace       used 98577K, capacity 101047K, committed 101168K, reserved 1136640K
  class space    used 12167K, capacity 13069K, committed 13184K, reserved 1048576K
}
Event: 126.433 GC heap before
{Heap before GC invocations=84 (full 0):
 garbage-first heap   total 307200K, used 243406K [0x0000000080000000, 0x0000000100000000)
  region size 1024K, 75 young (76800K), 2 survivors (2048K)
 Metaspace       used 98584K, capacity 101048K, committed 101168K, reserved 1136640K
  class space    used 12167K, capacity 13069K, committed 13184K, reserved 1048576K
}
Event: 126.445 GC heap after
{Heap after GC invocations=85 (full 0):
 garbage-first heap   total 307200K, used 170245K [0x0000000080000000, 0x0000000100000000)
  region size 1024K, 3 young (3072K), 3 survivors (3072K)
 Metaspace       used 98584K, capacity 101048K, committed 101168K, reserved 1136640K
  class space    used 12167K, capacity 13069K, committed 13184K, reserved 1048576K
}
Event: 127.957 GC heap before
{Heap before GC invocations=85 (full 0):
 garbage-first heap   total 307200K, used 248069K [0x0000000080000000, 0x0000000100000000)
  region size 1024K, 79 young (80896K), 3 survivors (3072K)
 Metaspace       used 98603K, capacity 101048K, committed 101168K, reserved 1136640K
  class space    used 12167K, capacity 13069K, committed 13184K, reserved 1048576K
}
Event: 127.976 GC heap after
{Heap after GC invocations=86 (full 0):
 garbage-first heap   total 307200K, used 172048K [0x0000000080000000, 0x0000000100000000)
  region size 1024K, 5 young (5120K), 5 survivors (5120K)
 Metaspace       used 98603K, capacity 101048K, committed 101168K, reserved 1136640K
  class space    used 12167K, capacity 13069K, committed 13184K, reserved 1048576K
}
Event: 129.925 GC heap before
{Heap before GC invocations=86 (full 0):
 garbage-first heap   total 307200K, used 251920K [0x0000000080000000, 0x0000000100000000)
  region size 1024K, 82 young (83968K), 5 survivors (5120K)
 Metaspace       used 98663K, capacity 101128K, committed 101424K, reserved 1138688K
  class space    used 12172K, capacity 13074K, committed 13184K, reserved 1048576K
}
Event: 129.948 GC heap after
{Heap after GC invocations=87 (full 0):
 garbage-first heap   total 307200K, used 173718K [0x0000000080000000, 0x0000000100000000)
  region size 1024K, 7 young (7168K), 7 survivors (7168K)
 Metaspace       used 98663K, capacity 101128K, committed 101424K, reserved 1138688K
  class space    used 12172K, capacity 13074K, committed 13184K, reserved 1048576K
}
Event: 131.071 GC heap before
{Heap before GC invocations=87 (full 0):
 garbage-first heap   total 307200K, used 253590K [0x0000000080000000, 0x0000000100000000)
  region size 1024K, 85 young (87040K), 7 survivors (7168K)
 Metaspace       used 99298K, capacity 101777K, committed 101936K, reserved 1138688K
  class space    used 12230K, capacity 13117K, committed 13184K, reserved 1048576K
}
Event: 131.103 GC heap after
{Heap after GC invocations=88 (full 0):
 garbage-first heap   total 307200K, used 176740K [0x0000000080000000, 0x0000000100000000)
  region size 1024K, 8 young (8192K), 8 survivors (8192K)
 Metaspace       used 99298K, capacity 101777K, committed 101936K, reserved 1138688K
  class space    used 12230K, capacity 13117K, committed 13184K, reserved 1048576K
}
Event: 132.756 GC heap before
{Heap before GC invocations=88 (full 0):
 garbage-first heap   total 307200K, used 249444K [0x0000000080000000, 0x0000000100000000)
  region size 1024K, 81 young (82944K), 8 survivors (8192K)
 Metaspace       used 106818K, capacity 109610K, committed 109872K, reserved 1144832K
  class space    used 13340K, capacity 14351K, committed 14464K, reserved 1048576K
}
Event: 132.793 GC heap after
{Heap after GC invocations=89 (full 0):
 garbage-first heap   total 307200K, used 179764K [0x0000000080000000, 0x0000000100000000)
  region size 1024K, 8 young (8192K), 8 survivors (8192K)
 Metaspace       used 106818K, capacity 109610K, committed 109872K, reserved 1144832K
  class space    used 13340K, capacity 14351K, committed 14464K, reserved 1048576K
}
Event: 135.194 GC heap before
{Heap before GC invocations=90 (full 0):
 garbage-first heap   total 307200K, used 263732K [0x0000000080000000, 0x0000000100000000)
  region size 1024K, 85 young (87040K), 8 survivors (8192K)
 Metaspace       used 107306K, capacity 110024K, committed 110128K, reserved 1144832K
  class space    used 13390K, capacity 14395K, committed 14464K, reserved 1048576K
}
Event: 135.259 GC heap after
{Heap after GC invocations=91 (full 0):
 garbage-first heap   total 307200K, used 196091K [0x0000000080000000, 0x0000000100000000)
  region size 1024K, 11 young (11264K), 11 survivors (11264K)
 Metaspace       used 107306K, capacity 110024K, committed 110128K, reserved 1144832K
  class space    used 13390K, capacity 14395K, committed 14464K, reserved 1048576K
}
Event: 135.288 GC heap before
{Heap before GC invocations=91 (full 0):
 garbage-first heap   total 307200K, used 199163K [0x0000000080000000, 0x0000000100000000)
  region size 1024K, 15 young (15360K), 11 survivors (11264K)
 Metaspace       used 107306K, capacity 110024K, committed 110128K, reserved 1144832K
  class space    used 13390K, capacity 14395K, committed 14464K, reserved 1048576K
}

Deoptimization events (20 events):
Event: 132.893 Thread 0x0000025b4b1cb000 DEOPT PACKING pc=0x0000025b395d79b4 sp=0x000000ecfb9f82d0
Event: 132.893 Thread 0x0000025b4b1cb000 DEOPT UNPACKING pc=0x0000025b31a2662f sp=0x000000ecfb9f81d0 mode 2
Event: 134.078 Thread 0x0000025b4962f800 Uncommon trap: trap_request=0xffffff4d fr.pc=0x0000025b39ae0a20 relative=0x00000000000000e0
Event: 134.078 Thread 0x0000025b4962f800 Uncommon trap: reason=unstable_if action=reinterpret pc=0x0000025b39ae0a20 method=java.io.BufferedInputStream.fill()V @ 222 c2
Event: 134.078 Thread 0x0000025b4962f800 DEOPT PACKING pc=0x0000025b39ae0a20 sp=0x000000ecfd6fd8f0
Event: 134.078 Thread 0x0000025b4962f800 DEOPT UNPACKING pc=0x0000025b31a2662f sp=0x000000ecfd6fd870 mode 2
Event: 134.844 Thread 0x0000025b48e4e000 Uncommon trap: trap_request=0xffffffc6 fr.pc=0x0000025b39d72fc4 relative=0x0000000000000084
Event: 134.844 Thread 0x0000025b48e4e000 Uncommon trap: reason=bimorphic_or_optimized_type_check action=maybe_recompile pc=0x0000025b39d72fc4 method=java.util.stream.StreamOpFlag.fromCharacteristics(Ljava/util/Spliterator;)I @ 14 c2
Event: 134.844 Thread 0x0000025b48e4e000 DEOPT PACKING pc=0x0000025b39d72fc4 sp=0x000000ecfdafdb50
Event: 134.844 Thread 0x0000025b48e4e000 DEOPT UNPACKING pc=0x0000025b31a2662f sp=0x000000ecfdafdae8 mode 2
Event: 134.844 Thread 0x0000025b48e4e000 Uncommon trap: trap_request=0xffffff4d fr.pc=0x0000025b39b20ba0 relative=0x0000000000000380
Event: 134.844 Thread 0x0000025b48e4e000 Uncommon trap: reason=unstable_if action=reinterpret pc=0x0000025b39b20ba0 method=java.util.stream.StreamOpFlag.getMask(I)I @ 1 c2
Event: 134.844 Thread 0x0000025b48e4e000 DEOPT PACKING pc=0x0000025b39b20ba0 sp=0x000000ecfdafd9d0
Event: 134.844 Thread 0x0000025b48e4e000 DEOPT UNPACKING pc=0x0000025b31a2662f sp=0x000000ecfdafd8c0 mode 2
Event: 134.854 Thread 0x0000025b48e4e000 Uncommon trap: trap_request=0xffffff4d fr.pc=0x0000025b39775fdc relative=0x00000000000000bc
Event: 134.854 Thread 0x0000025b48e4e000 Uncommon trap: reason=unstable_if action=reinterpret pc=0x0000025b39775fdc method=jdk.internal.misc.Unsafe.convEndian(ZS)S @ 4 c2
Event: 134.854 Thread 0x0000025b48e4e000 DEOPT PACKING pc=0x0000025b39775fdc sp=0x000000ecfdafd900
Event: 134.854 Thread 0x0000025b48e4e000 DEOPT UNPACKING pc=0x0000025b31a2662f sp=0x000000ecfdafd7c0 mode 2
Event: 135.124 Thread 0x0000025b48e4e000 DEOPT PACKING pc=0x0000025b32349a4c sp=0x000000ecfdafd260
Event: 135.124 Thread 0x0000025b48e4e000 DEOPT UNPACKING pc=0x0000025b31a26dde sp=0x000000ecfdafc7f8 mode 0

Classes redefined (0 events):
No events

Internal exceptions (20 events):
Event: 131.526 Thread 0x0000025b48e48000 Exception <a 'sun/nio/fs/WindowsException'{0x0000000090511008}> (0x0000000090511008) thrown at [./src/hotspot/share/prims/jni.cpp, line 615]
Event: 131.677 Thread 0x0000025b48e48000 Exception <a 'java/lang/NoSuchMethodError'{0x00000000902e3168}: 'java.lang.Object java.lang.invoke.DirectMethodHandle$Holder.invokeStatic(java.lang.Object, java.lang.Object, java.lang.Object, java.lang.Object, java.lang.Object, java.lang.Object, java.lang.Object, java.lang.Object, java.lang.Object, java.lang.Object, java.lang.Object, java.lang.Object, java.lang.Object, java.lang.Object, java.lang.Object, java.lang.Object, java.lang.Object, int, java.lang.Object)'> (0x00000000902e3168) thrown at [./src/hots
Event: 131.677 Thread 0x0000025b48e48000 Exception <a 'java/lang/NoSuchMethodError'{0x00000000902e87b8}: 'java.lang.Object java.lang.invoke.DirectMethodHandle$Holder.invokeStaticInit(java.lang.Object, java.lang.Object, java.lang.Object, java.lang.Object, java.lang.Object, java.lang.Object, java.lang.Object, java.lang.Object, java.lang.Object, java.lang.Object, java.lang.Object, java.lang.Object, java.lang.Object, java.lang.Object, java.lang.Object, java.lang.Object, java.lang.Object, int, java.lang.Object)'> (0x00000000902e87b8) thrown at [./src/
Event: 131.941 Thread 0x0000025b48e48000 Exception <a 'java/lang/NoSuchMethodError'{0x000000008fb48828}: 'void java.lang.invoke.DirectMethodHandle$Holder.invokeStaticInit(java.lang.Object, java.lang.Object, java.lang.Object, java.lang.Object)'> (0x000000008fb48828) thrown at [./src/hotspot/share/interpreter/linkResolver.cpp, line 773]
Event: 131.948 Thread 0x0000025b48e48000 Exception <a 'java/lang/NoSuchMethodError'{0x000000008fb83128}: 'java.lang.Object java.lang.invoke.DirectMethodHandle$Holder.invokeStatic(java.lang.Object, int, java.lang.Object, java.lang.Object)'> (0x000000008fb83128) thrown at [./src/hotspot/share/interpreter/linkResolver.cpp, line 773]
Event: 131.960 Thread 0x0000025b48e48000 Exception <a 'java/lang/NoSuchMethodError'{0x000000008fbeb578}: 'long java.lang.invoke.DirectMethodHandle$Holder.invokeStatic(java.lang.Object, java.lang.Object)'> (0x000000008fbeb578) thrown at [./src/hotspot/share/interpreter/linkResolver.cpp, line 773]
Event: 131.963 Thread 0x0000025b48e48000 Exception <a 'java/lang/NoSuchMethodError'{0x000000008fbf93f8}: 'void java.lang.invoke.DirectMethodHandle$Holder.invokeSpecial(java.lang.Object, java.lang.Object, int, java.lang.Object)'> (0x000000008fbf93f8) thrown at [./src/hotspot/share/interpreter/linkResolver.cpp, line 773]
Event: 132.044 Thread 0x0000025b48e48000 Exception <a 'java/lang/NoSuchMethodError'{0x000000008f81c048}: 'java.lang.Object java.lang.invoke.DirectMethodHandle$Holder.invokeVirtual(java.lang.Object, java.lang.Object, int, java.lang.Object)'> (0x000000008f81c048) thrown at [./src/hotspot/share/interpreter/linkResolver.cpp, line 773]
Event: 132.074 Thread 0x0000025b48e48000 Exception <a 'java/lang/NoSuchMethodError'{0x000000008f718060}: 'void java.lang.invoke.DirectMethodHandle$Holder.invokeVirtual(java.lang.Object, java.lang.Object, int, java.lang.Object)'> (0x000000008f718060) thrown at [./src/hotspot/share/interpreter/linkResolver.cpp, line 773]
Event: 132.141 Thread 0x0000025b48e48000 Exception <a 'java/lang/NoSuchMethodError'{0x000000008f6faf68}: 'java.lang.Object java.lang.invoke.DirectMethodHandle$Holder.newInvokeSpecial(java.lang.Object, int)'> (0x000000008f6faf68) thrown at [./src/hotspot/share/interpreter/linkResolver.cpp, line 773]
Event: 132.656 Thread 0x0000025b48e48000 Exception <a 'java/lang/NoSuchMethodError'{0x000000008e7b3150}: 'void java.lang.invoke.DirectMethodHandle$Holder.invokeVirtual(java.lang.Object, java.lang.Object, int)'> (0x000000008e7b3150) thrown at [./src/hotspot/share/interpreter/linkResolver.cpp, line 773]
Event: 132.694 Thread 0x0000025b48e48000 Exception <a 'sun/nio/fs/WindowsException'{0x000000008e624f20}> (0x000000008e624f20) thrown at [./src/hotspot/share/prims/jni.cpp, line 615]
Event: 132.701 Thread 0x0000025b48e48000 Exception <a 'sun/nio/fs/WindowsException'{0x000000008e62c818}> (0x000000008e62c818) thrown at [./src/hotspot/share/prims/jni.cpp, line 615]
Event: 132.709 Thread 0x0000025b48e48000 Exception <a 'sun/nio/fs/WindowsException'{0x000000008e633718}> (0x000000008e633718) thrown at [./src/hotspot/share/prims/jni.cpp, line 615]
Event: 132.717 Thread 0x0000025b48e48000 Exception <a 'sun/nio/fs/WindowsException'{0x000000008e63a650}> (0x000000008e63a650) thrown at [./src/hotspot/share/prims/jni.cpp, line 615]
Event: 132.724 Thread 0x0000025b48e48000 Exception <a 'sun/nio/fs/WindowsException'{0x000000008e6421b8}> (0x000000008e6421b8) thrown at [./src/hotspot/share/prims/jni.cpp, line 615]
Event: 132.735 Thread 0x0000025b48e48000 Exception <a 'sun/nio/fs/WindowsException'{0x000000008e6d46e8}> (0x000000008e6d46e8) thrown at [./src/hotspot/share/prims/jni.cpp, line 615]
Event: 132.900 Thread 0x0000025b4b1cb000 Exception <a 'java/lang/NoSuchMethodError'{0x000000009297fd40}: <clinit>> (0x000000009297fd40) thrown at [./src/hotspot/share/prims/jni.cpp, line 1362]
Event: 132.901 Thread 0x0000025b4b1cb000 Exception <a 'java/lang/NoSuchMethodError'{0x0000000092996ef0}: <clinit>> (0x0000000092996ef0) thrown at [./src/hotspot/share/prims/jni.cpp, line 1362]
Event: 134.843 Thread 0x0000025b48e4e000 Exception <a 'sun/nio/fs/WindowsException'{0x0000000090b7bed8}> (0x0000000090b7bed8) thrown at [./src/hotspot/share/prims/jni.cpp, line 615]

Events (20 events):
Event: 134.851 loading class com/android/tools/r8/graph/Y$c done
Event: 134.852 loading class com/android/tools/r8/graph/I0
Event: 134.852 loading class com/android/tools/r8/graph/I0 done
Event: 134.853 loading class com/android/tools/r8/dex/p
Event: 134.853 loading class com/android/tools/r8/dex/p done
Event: 134.883 loading class com/android/tools/r8/s/a/b/g
Event: 134.883 loading class com/android/tools/r8/s/a/b/g done
Event: 134.884 loading class com/android/tools/r8/s/a/b/m/a
Event: 134.884 loading class com/android/tools/r8/s/a/b/m/a done
Event: 134.888 loading class com/android/tools/r8/dex/d
Event: 134.888 loading class com/android/tools/r8/dex/d done
Event: 134.889 loading class com/android/tools/r8/graph/g0
Event: 134.889 loading class com/android/tools/r8/graph/g0 done
Event: 134.889 loading class com/android/tools/r8/graph/g0
Event: 134.889 loading class com/android/tools/r8/graph/g0 done
Event: 134.889 loading class com/android/tools/r8/dex/n
Event: 134.889 loading class com/android/tools/r8/dex/n done
Event: 135.194 Executing VM operation: G1CollectForAllocation
Event: 135.259 Executing VM operation: G1CollectForAllocation done
Event: 135.288 Executing VM operation: G1CollectForAllocation


Dynamic libraries:
0x00007ff735220000 - 0x00007ff73522a000 	C:\Program Files\Android\Android Studio\jre\bin\java.exe
0x00007ff87dbd0000 - 0x00007ff87ddc5000 	C:\Windows\SYSTEM32\ntdll.dll
0x00007ff87d920000 - 0x00007ff87d9de000 	C:\Windows\System32\KERNEL32.DLL
0x00007ff87b670000 - 0x00007ff87b938000 	C:\Windows\System32\KERNELBASE.dll
0x00007ff87b430000 - 0x00007ff87b530000 	C:\Windows\System32\ucrtbase.dll
0x00007ff864940000 - 0x00007ff864957000 	C:\Program Files\Android\Android Studio\jre\bin\VCRUNTIME140.dll
0x00007ff861320000 - 0x00007ff861339000 	C:\Program Files\Android\Android Studio\jre\bin\jli.dll
0x00007ff87bd90000 - 0x00007ff87bf30000 	C:\Windows\System32\USER32.dll
0x00007ff8577f0000 - 0x00007ff857a8a000 	C:\Windows\WinSxS\amd64_microsoft.windows.common-controls_6595b64144ccf1df_6.0.19041.1110_none_60b5254171f9507e\COMCTL32.dll
0x00007ff87d2a0000 - 0x00007ff87d33e000 	C:\Windows\System32\msvcrt.dll
0x00007ff87c760000 - 0x00007ff87c78b000 	C:\Windows\System32\GDI32.dll
0x00007ff87b400000 - 0x00007ff87b422000 	C:\Windows\System32\win32u.dll
0x00007ff87b560000 - 0x00007ff87b66d000 	C:\Windows\System32\gdi32full.dll
0x00007ff87bb80000 - 0x00007ff87bc1d000 	C:\Windows\System32\msvcp_win.dll
0x00007ff87d7d0000 - 0x00007ff87d800000 	C:\Windows\System32\IMM32.DLL
0x00007ff849030000 - 0x00007ff8490cd000 	C:\Program Files\Android\Android Studio\jre\bin\msvcp140.dll
0x00007ff829b40000 - 0x00007ff82a615000 	C:\Program Files\Android\Android Studio\jre\bin\server\jvm.dll
0x00007ff87c690000 - 0x00007ff87c73e000 	C:\Windows\System32\ADVAPI32.dll
0x00007ff87d800000 - 0x00007ff87d89c000 	C:\Windows\System32\sechost.dll
0x00007ff87c430000 - 0x00007ff87c555000 	C:\Windows\System32\RPCRT4.dll
0x00007ff87d9e0000 - 0x00007ff87d9e8000 	C:\Windows\System32\PSAPI.DLL
0x00007ff875b10000 - 0x00007ff875b19000 	C:\Windows\SYSTEM32\WSOCK32.dll
0x00007ff87d8a0000 - 0x00007ff87d90b000 	C:\Windows\System32\WS2_32.dll
0x00007ff862c40000 - 0x00007ff862c67000 	C:\Windows\SYSTEM32\WINMM.dll
0x00007ff874050000 - 0x00007ff87405a000 	C:\Windows\SYSTEM32\VERSION.dll
0x00007ff879b60000 - 0x00007ff879b72000 	C:\Windows\SYSTEM32\kernel.appcore.dll
0x00007ff877bf0000 - 0x00007ff877c01000 	C:\Program Files\Android\Android Studio\jre\bin\verify.dll
0x00007ff8790d0000 - 0x00007ff8792b4000 	C:\Windows\SYSTEM32\DBGHELP.DLL
0x00007ff862e50000 - 0x00007ff862e7c000 	C:\Windows\SYSTEM32\dbgcore.DLL
0x00007ff87baf0000 - 0x00007ff87bb72000 	C:\Windows\System32\bcryptPrimitives.dll
0x00007ff875e10000 - 0x00007ff875e39000 	C:\Program Files\Android\Android Studio\jre\bin\java.dll
0x00007ff878740000 - 0x00007ff87874b000 	C:\Program Files\Android\Android Studio\jre\bin\jimage.dll
0x00007ff875d70000 - 0x00007ff875d88000 	C:\Program Files\Android\Android Studio\jre\bin\zip.dll
0x00007ff87c790000 - 0x00007ff87ced4000 	C:\Windows\System32\SHELL32.dll
0x00007ff8793b0000 - 0x00007ff879b44000 	C:\Windows\SYSTEM32\windows.storage.dll
0x00007ff87c070000 - 0x00007ff87c3c5000 	C:\Windows\System32\combase.dll
0x00007ff87ad30000 - 0x00007ff87ad5e000 	C:\Windows\SYSTEM32\Wldp.dll
0x00007ff87bfc0000 - 0x00007ff87c06d000 	C:\Windows\System32\SHCORE.dll
0x00007ff87bd30000 - 0x00007ff87bd85000 	C:\Windows\System32\shlwapi.dll
0x00007ff87b220000 - 0x00007ff87b23f000 	C:\Windows\SYSTEM32\profapi.dll
0x00007ff874f90000 - 0x00007ff874faa000 	C:\Program Files\Android\Android Studio\jre\bin\net.dll
0x00007ff8659e0000 - 0x00007ff865aec000 	C:\Windows\SYSTEM32\WINHTTP.dll
0x00007ff87aa90000 - 0x00007ff87aafa000 	C:\Windows\system32\mswsock.dll
0x00007ff8742e0000 - 0x00007ff8742f4000 	C:\Program Files\Android\Android Studio\jre\bin\nio.dll
0x00007ff860880000 - 0x00007ff8608a6000 	C:\Users\ashis\.gradle\native\31\windows-amd64\native-platform.dll
0x00007ff877c20000 - 0x00007ff877c2a000 	C:\Program Files\Android\Android Studio\jre\bin\management.dll
0x00007ff877b10000 - 0x00007ff877b1d000 	C:\Program Files\Android\Android Studio\jre\bin\management_ext.dll
0x00007ff87ac80000 - 0x00007ff87ac98000 	C:\Windows\SYSTEM32\CRYPTSP.dll
0x00007ff87a3a0000 - 0x00007ff87a3d4000 	C:\Windows\system32\rsaenh.dll
0x00007ff87b530000 - 0x00007ff87b557000 	C:\Windows\System32\bcrypt.dll
0x00007ff87b1e0000 - 0x00007ff87b20e000 	C:\Windows\SYSTEM32\USERENV.dll
0x00007ff87aca0000 - 0x00007ff87acac000 	C:\Windows\SYSTEM32\CRYPTBASE.dll
0x00007ff87a730000 - 0x00007ff87a76b000 	C:\Windows\SYSTEM32\IPHLPAPI.DLL
0x00007ff87d910000 - 0x00007ff87d918000 	C:\Windows\System32\NSI.dll
0x00007ff86df50000 - 0x00007ff86df67000 	C:\Windows\SYSTEM32\dhcpcsvc6.DLL
0x00007ff870fb0000 - 0x00007ff870fcd000 	C:\Windows\SYSTEM32\dhcpcsvc.DLL
0x00007ff87a780000 - 0x00007ff87a84b000 	C:\Windows\SYSTEM32\DNSAPI.dll
0x00007ff861020000 - 0x00007ff86103e000 	C:\Users\ashis\AppData\Local\Temp\native-platform3251837361780063893dir\native-platform.dll
0x00007ff874280000 - 0x00007ff874288000 	C:\Program Files\Android\Android Studio\jre\bin\rmi.dll

dbghelp: loaded successfully - version: 4.0.5 - missing functions: none
symbol engine: initialized successfully - sym options: 0x614 - pdb path: .;C:\Program Files\Android\Android Studio\jre\bin;C:\Windows\SYSTEM32;C:\Windows\WinSxS\amd64_microsoft.windows.common-controls_6595b64144ccf1df_6.0.19041.1110_none_60b5254171f9507e;C:\Program Files\Android\Android Studio\jre\bin\server;C:\Users\ashis\.gradle\native\31\windows-amd64;C:\Users\ashis\AppData\Local\Temp\native-platform3251837361780063893dir

VM Arguments:
jvm_args: --add-opens=java.base/java.util=ALL-UNNAMED --add-opens=java.base/java.lang=ALL-UNNAMED --add-opens=java.base/java.lang.invoke=ALL-UNNAMED --add-opens=java.prefs/java.util.prefs=ALL-UNNAMED -Xmx2048m -Dfile.encoding=windows-1252 -Duser.country=IN -Duser.language=en -Duser.variant 
java_command: org.gradle.launcher.daemon.bootstrap.GradleDaemon 6.1.1
java_class_path (initial): C:\Users\ashis\.gradle\wrapper\dists\gradle-6.1.1-all\cfmwm155h49vnt3hynmlrsdst\gradle-6.1.1\lib\gradle-launcher-6.1.1.jar
Launcher Type: SUN_STANDARD

[Global flags]
     intx CICompilerCount                          = 3                                         {product} {ergonomic}
     uint ConcGCThreads                            = 1                                         {product} {ergonomic}
     uint G1ConcRefinementThreads                  = 4                                         {product} {ergonomic}
   size_t G1HeapRegionSize                         = 1048576                                   {product} {ergonomic}
    uintx GCDrainStackTargetSize                   = 64                                        {product} {ergonomic}
   size_t InitialHeapSize                          = 67108864                                  {product} {ergonomic}
   size_t MarkStackSize                            = 4194304                                   {product} {ergonomic}
   size_t MaxHeapSize                              = 2147483648                                {product} {command line}
   size_t MaxNewSize                               = 1287651328                                {product} {ergonomic}
   size_t MinHeapDeltaBytes                        = 1048576                                   {product} {ergonomic}
    uintx NonNMethodCodeHeapSize                   = 5830732                                {pd product} {ergonomic}
    uintx NonProfiledCodeHeapSize                  = 122913754                              {pd product} {ergonomic}
    uintx ProfiledCodeHeapSize                     = 122913754                              {pd product} {ergonomic}
    uintx ReservedCodeCacheSize                    = 251658240                              {pd product} {ergonomic}
     bool SegmentedCodeCache                       = true                                      {product} {ergonomic}
     bool UseCompressedClassPointers               = true                                 {lp64_product} {ergonomic}
     bool UseCompressedOops                        = true                                 {lp64_product} {ergonomic}
     bool UseG1GC                                  = true                                      {product} {ergonomic}
     bool UseLargePagesIndividualAllocation        = false                                  {pd product} {ergonomic}

Logging:
Log output configuration:
 #0: stdout all=warning uptime,level,tags
 #1: stderr all=off uptime,level,tags

Environment Variables:
PATH=C:\Program Files\Common Files\Oracle\Java\javapath;C:\Program Files\Python39\Scripts\;C:\Program Files\Python39\;C:\Windows\system32;C:\Windows;C:\Windows\System32\Wbem;C:\Windows\System32\WindowsPowerShell\v1.0\;C:\Windows\System32\OpenSSH\;C:\Program Files\Java\jdk-15.0.2\bin;C:\Program Files\nodejs\;C:\ProgramData\chocolatey\bin;C:\Program Files\Git\cmd;C:\src\flutter\bin;C:\Users\ashis\AppData\Local\Microsoft\WindowsApps;C:\Program Files\JetBrains\PyCharm Community Edition 2020.3.3\bin;;C:\Users\ashis\AppData\Local\Programs\Microsoft VS Code\bin;C:\Users\ashis\AppData\Roaming\npm;C:\Users\ashis\AppData\Local\GitHubDesktop\bin
USERNAME=ashis
OS=Windows_NT
PROCESSOR_IDENTIFIER=Intel64 Family 6 Model 142 Stepping 9, GenuineIntel



---------------  S Y S T E M  ---------------

OS: Windows 10 , 64 bit Build 19041 (10.0.19041.1503)
OS uptime: 5 days 1:01 hours

CPU:total 4 (initial active 4) (2 cores per cpu, 2 threads per core) family 6 model 142 stepping 9 microcode 0xca, cmov, cx8, fxsr, mmx, sse, sse2, sse3, ssse3, sse4.1, sse4.2, popcnt, avx, avx2, aes, clmul, erms, 3dnowpref, lzcnt, ht, tsc, tscinvbit, bmi1, bmi2, adx, fma

Memory: 4k page, system-wide physical 4007M (205M free)
TotalPageFile size 16295M (AvailPageFile size 32M)
current process WorkingSet (physical memory assigned to process): 457M, peak: 457M
current process commit charge ("private bytes"): 622M, peak: 682M

vm_info: OpenJDK 64-Bit Server VM (11.0.11+9-b60-7590822) for windows-amd64 JRE (11.0.11+9-b60-7590822), built on Jul 29 2021 21:43:44 by "builder" with MS VC++ 14.0 (VS2015)

END.
